{
    "meta": {
        "format": 3,
        "version": "7.9.1",
        "timestamp": "2025-06-30T07:42:41.383926",
        "branch_coverage": true,
        "show_contexts": false
    },
    "files": {
        "src/pdoflow/__init__.py": {
            "executed_lines": [],
            "summary": {
                "covered_lines": 0,
                "num_statements": 0,
                "percent_covered": 100.0,
                "percent_covered_display": "100.00",
                "missing_lines": 0,
                "excluded_lines": 0,
                "num_branches": 0,
                "num_partial_branches": 0,
                "covered_branches": 0,
                "missing_branches": 0
            },
            "missing_lines": [],
            "excluded_lines": [],
            "executed_branches": [],
            "missing_branches": [],
            "functions": {
                "": {
                    "executed_lines": [],
                    "summary": {
                        "covered_lines": 0,
                        "num_statements": 0,
                        "percent_covered": 100.0,
                        "percent_covered_display": "100.00",
                        "missing_lines": 0,
                        "excluded_lines": 0,
                        "num_branches": 0,
                        "num_partial_branches": 0,
                        "covered_branches": 0,
                        "missing_branches": 0
                    },
                    "missing_lines": [],
                    "excluded_lines": [],
                    "executed_branches": [],
                    "missing_branches": []
                }
            },
            "classes": {
                "": {
                    "executed_lines": [],
                    "summary": {
                        "covered_lines": 0,
                        "num_statements": 0,
                        "percent_covered": 100.0,
                        "percent_covered_display": "100.00",
                        "missing_lines": 0,
                        "excluded_lines": 0,
                        "num_branches": 0,
                        "num_partial_branches": 0,
                        "covered_branches": 0,
                        "missing_branches": 0
                    },
                    "missing_lines": [],
                    "excluded_lines": [],
                    "executed_branches": [],
                    "missing_branches": []
                }
            }
        },
        "src/pdoflow/cli.py": {
            "executed_lines": [
                1,
                2,
                3,
                4,
                5,
                6,
                8,
                9,
                10,
                11,
                13,
                14,
                15,
                16,
                20,
                21,
                23,
                25,
                26,
                27,
                31,
                37,
                38,
                39,
                40,
                47,
                48,
                51,
                52,
                56,
                57,
                58,
                59,
                60,
                61,
                62,
                69,
                70,
                77,
                80,
                81,
                82,
                83,
                86,
                87,
                88,
                89,
                90,
                91,
                92,
                93,
                95,
                96,
                97,
                98,
                99,
                100,
                101,
                103,
                105,
                106,
                107,
                108,
                115,
                116,
                117,
                118,
                121,
                124,
                125,
                126,
                127,
                128,
                129,
                130,
                131,
                132,
                135,
                136,
                137,
                138,
                139,
                140,
                141,
                142,
                143,
                144,
                145,
                146,
                149,
                150,
                151,
                153,
                155,
                168,
                170,
                171,
                172,
                174,
                175,
                176,
                177,
                180,
                181,
                182,
                183,
                184,
                189,
                190,
                192,
                193,
                194,
                200,
                201,
                202,
                203,
                209,
                210,
                211,
                212,
                213,
                221,
                223
            ],
            "summary": {
                "covered_lines": 122,
                "num_statements": 123,
                "percent_covered": 99.28057553956835,
                "percent_covered_display": "99.28",
                "missing_lines": 1,
                "excluded_lines": 0,
                "num_branches": 16,
                "num_partial_branches": 0,
                "covered_branches": 16,
                "missing_branches": 0
            },
            "missing_lines": [
                53
            ],
            "excluded_lines": [],
            "executed_branches": [
                [
                    38,
                    39
                ],
                [
                    38,
                    40
                ],
                [
                    81,
                    -56
                ],
                [
                    81,
                    82
                ],
                [
                    103,
                    -86
                ],
                [
                    103,
                    105
                ],
                [
                    107,
                    -86
                ],
                [
                    107,
                    108
                ],
                [
                    116,
                    107
                ],
                [
                    116,
                    117
                ],
                [
                    142,
                    143
                ],
                [
                    142,
                    145
                ],
                [
                    170,
                    171
                ],
                [
                    170,
                    174
                ],
                [
                    193,
                    194
                ],
                [
                    193,
                    201
                ]
            ],
            "missing_branches": [],
            "functions": {
                "EnumChoice.__init__": {
                    "executed_lines": [
                        26,
                        27
                    ],
                    "summary": {
                        "covered_lines": 2,
                        "num_statements": 2,
                        "percent_covered": 100.0,
                        "percent_covered_display": "100.00",
                        "missing_lines": 0,
                        "excluded_lines": 0,
                        "num_branches": 0,
                        "num_partial_branches": 0,
                        "covered_branches": 0,
                        "missing_branches": 0
                    },
                    "missing_lines": [],
                    "excluded_lines": [],
                    "executed_branches": [],
                    "missing_branches": []
                },
                "EnumChoice.convert": {
                    "executed_lines": [
                        37,
                        38,
                        39,
                        40
                    ],
                    "summary": {
                        "covered_lines": 4,
                        "num_statements": 4,
                        "percent_covered": 100.0,
                        "percent_covered_display": "100.00",
                        "missing_lines": 0,
                        "excluded_lines": 0,
                        "num_branches": 2,
                        "num_partial_branches": 0,
                        "covered_branches": 2,
                        "missing_branches": 0
                    },
                    "missing_lines": [],
                    "excluded_lines": [],
                    "executed_branches": [
                        [
                            38,
                            39
                        ],
                        [
                            38,
                            40
                        ]
                    ],
                    "missing_branches": []
                },
                "EnumChoice.get_metavar": {
                    "executed_lines": [
                        48
                    ],
                    "summary": {
                        "covered_lines": 1,
                        "num_statements": 1,
                        "percent_covered": 100.0,
                        "percent_covered_display": "100.00",
                        "missing_lines": 0,
                        "excluded_lines": 0,
                        "num_branches": 0,
                        "num_partial_branches": 0,
                        "covered_branches": 0,
                        "missing_branches": 0
                    },
                    "missing_lines": [],
                    "excluded_lines": [],
                    "executed_branches": [],
                    "missing_branches": []
                },
                "pdoflow_main": {
                    "executed_lines": [],
                    "summary": {
                        "covered_lines": 0,
                        "num_statements": 1,
                        "percent_covered": 0.0,
                        "percent_covered_display": "0.00",
                        "missing_lines": 1,
                        "excluded_lines": 0,
                        "num_branches": 0,
                        "num_partial_branches": 0,
                        "covered_branches": 0,
                        "missing_branches": 0
                    },
                    "missing_lines": [
                        53
                    ],
                    "excluded_lines": [],
                    "executed_branches": [],
                    "missing_branches": []
                },
                "pool": {
                    "executed_lines": [
                        69,
                        70,
                        77,
                        80,
                        81,
                        82,
                        83
                    ],
                    "summary": {
                        "covered_lines": 7,
                        "num_statements": 7,
                        "percent_covered": 100.0,
                        "percent_covered_display": "100.00",
                        "missing_lines": 0,
                        "excluded_lines": 0,
                        "num_branches": 2,
                        "num_partial_branches": 0,
                        "covered_branches": 2,
                        "missing_branches": 0
                    },
                    "missing_lines": [],
                    "excluded_lines": [],
                    "executed_branches": [
                        [
                            81,
                            -56
                        ],
                        [
                            81,
                            82
                        ]
                    ],
                    "missing_branches": []
                },
                "posting_status": {
                    "executed_lines": [
                        91,
                        92,
                        93,
                        95,
                        96,
                        97,
                        98,
                        99,
                        100,
                        101,
                        103,
                        105,
                        106,
                        107,
                        108,
                        115,
                        116,
                        117,
                        118,
                        121
                    ],
                    "summary": {
                        "covered_lines": 20,
                        "num_statements": 20,
                        "percent_covered": 100.0,
                        "percent_covered_display": "100.00",
                        "missing_lines": 0,
                        "excluded_lines": 0,
                        "num_branches": 6,
                        "num_partial_branches": 0,
                        "covered_branches": 6,
                        "missing_branches": 0
                    },
                    "missing_lines": [],
                    "excluded_lines": [],
                    "executed_branches": [
                        [
                            103,
                            -86
                        ],
                        [
                            103,
                            105
                        ],
                        [
                            107,
                            -86
                        ],
                        [
                            107,
                            108
                        ],
                        [
                            116,
                            107
                        ],
                        [
                            116,
                            117
                        ]
                    ],
                    "missing_branches": []
                },
                "list_postings": {
                    "executed_lines": [
                        127,
                        128,
                        129,
                        130,
                        131,
                        132
                    ],
                    "summary": {
                        "covered_lines": 6,
                        "num_statements": 6,
                        "percent_covered": 100.0,
                        "percent_covered_display": "100.00",
                        "missing_lines": 0,
                        "excluded_lines": 0,
                        "num_branches": 0,
                        "num_partial_branches": 0,
                        "covered_branches": 0,
                        "missing_branches": 0
                    },
                    "missing_lines": [],
                    "excluded_lines": [],
                    "executed_branches": [],
                    "missing_branches": []
                },
                "set_posting_status": {
                    "executed_lines": [
                        139,
                        140,
                        141,
                        142,
                        143,
                        144,
                        145,
                        146
                    ],
                    "summary": {
                        "covered_lines": 8,
                        "num_statements": 8,
                        "percent_covered": 100.0,
                        "percent_covered_display": "100.00",
                        "missing_lines": 0,
                        "excluded_lines": 0,
                        "num_branches": 2,
                        "num_partial_branches": 0,
                        "covered_branches": 2,
                        "missing_branches": 0
                    },
                    "missing_lines": [],
                    "excluded_lines": [],
                    "executed_branches": [
                        [
                            142,
                            143
                        ],
                        [
                            142,
                            145
                        ]
                    ],
                    "missing_branches": []
                },
                "priority_stats": {
                    "executed_lines": [
                        153,
                        155,
                        168,
                        170,
                        171,
                        172,
                        174,
                        175,
                        176,
                        177
                    ],
                    "summary": {
                        "covered_lines": 10,
                        "num_statements": 10,
                        "percent_covered": 100.0,
                        "percent_covered_display": "100.00",
                        "missing_lines": 0,
                        "excluded_lines": 0,
                        "num_branches": 2,
                        "num_partial_branches": 0,
                        "covered_branches": 2,
                        "missing_branches": 0
                    },
                    "missing_lines": [],
                    "excluded_lines": [],
                    "executed_branches": [
                        [
                            170,
                            171
                        ],
                        [
                            170,
                            174
                        ]
                    ],
                    "missing_branches": []
                },
                "execute_job": {
                    "executed_lines": [
                        183,
                        184,
                        189,
                        190,
                        192,
                        193,
                        194,
                        200,
                        201,
                        202,
                        203,
                        209,
                        210,
                        211,
                        212,
                        213,
                        221,
                        223
                    ],
                    "summary": {
                        "covered_lines": 18,
                        "num_statements": 18,
                        "percent_covered": 100.0,
                        "percent_covered_display": "100.00",
                        "missing_lines": 0,
                        "excluded_lines": 0,
                        "num_branches": 2,
                        "num_partial_branches": 0,
                        "covered_branches": 2,
                        "missing_branches": 0
                    },
                    "missing_lines": [],
                    "excluded_lines": [],
                    "executed_branches": [
                        [
                            193,
                            194
                        ],
                        [
                            193,
                            201
                        ]
                    ],
                    "missing_branches": []
                },
                "": {
                    "executed_lines": [
                        1,
                        2,
                        3,
                        4,
                        5,
                        6,
                        8,
                        9,
                        10,
                        11,
                        13,
                        14,
                        15,
                        16,
                        20,
                        21,
                        23,
                        25,
                        31,
                        47,
                        51,
                        52,
                        56,
                        57,
                        58,
                        59,
                        60,
                        61,
                        62,
                        86,
                        87,
                        88,
                        89,
                        90,
                        124,
                        125,
                        126,
                        135,
                        136,
                        137,
                        138,
                        149,
                        150,
                        151,
                        180,
                        181,
                        182
                    ],
                    "summary": {
                        "covered_lines": 46,
                        "num_statements": 46,
                        "percent_covered": 100.0,
                        "percent_covered_display": "100.00",
                        "missing_lines": 0,
                        "excluded_lines": 0,
                        "num_branches": 0,
                        "num_partial_branches": 0,
                        "covered_branches": 0,
                        "missing_branches": 0
                    },
                    "missing_lines": [],
                    "excluded_lines": [],
                    "executed_branches": [],
                    "missing_branches": []
                }
            },
            "classes": {
                "EnumChoice": {
                    "executed_lines": [
                        26,
                        27,
                        37,
                        38,
                        39,
                        40,
                        48
                    ],
                    "summary": {
                        "covered_lines": 7,
                        "num_statements": 7,
                        "percent_covered": 100.0,
                        "percent_covered_display": "100.00",
                        "missing_lines": 0,
                        "excluded_lines": 0,
                        "num_branches": 2,
                        "num_partial_branches": 0,
                        "covered_branches": 2,
                        "missing_branches": 0
                    },
                    "missing_lines": [],
                    "excluded_lines": [],
                    "executed_branches": [
                        [
                            38,
                            39
                        ],
                        [
                            38,
                            40
                        ]
                    ],
                    "missing_branches": []
                },
                "": {
                    "executed_lines": [
                        1,
                        2,
                        3,
                        4,
                        5,
                        6,
                        8,
                        9,
                        10,
                        11,
                        13,
                        14,
                        15,
                        16,
                        20,
                        21,
                        23,
                        25,
                        31,
                        47,
                        51,
                        52,
                        56,
                        57,
                        58,
                        59,
                        60,
                        61,
                        62,
                        69,
                        70,
                        77,
                        80,
                        81,
                        82,
                        83,
                        86,
                        87,
                        88,
                        89,
                        90,
                        91,
                        92,
                        93,
                        95,
                        96,
                        97,
                        98,
                        99,
                        100,
                        101,
                        103,
                        105,
                        106,
                        107,
                        108,
                        115,
                        116,
                        117,
                        118,
                        121,
                        124,
                        125,
                        126,
                        127,
                        128,
                        129,
                        130,
                        131,
                        132,
                        135,
                        136,
                        137,
                        138,
                        139,
                        140,
                        141,
                        142,
                        143,
                        144,
                        145,
                        146,
                        149,
                        150,
                        151,
                        153,
                        155,
                        168,
                        170,
                        171,
                        172,
                        174,
                        175,
                        176,
                        177,
                        180,
                        181,
                        182,
                        183,
                        184,
                        189,
                        190,
                        192,
                        193,
                        194,
                        200,
                        201,
                        202,
                        203,
                        209,
                        210,
                        211,
                        212,
                        213,
                        221,
                        223
                    ],
                    "summary": {
                        "covered_lines": 115,
                        "num_statements": 116,
                        "percent_covered": 99.23076923076923,
                        "percent_covered_display": "99.23",
                        "missing_lines": 1,
                        "excluded_lines": 0,
                        "num_branches": 14,
                        "num_partial_branches": 0,
                        "covered_branches": 14,
                        "missing_branches": 0
                    },
                    "missing_lines": [
                        53
                    ],
                    "excluded_lines": [],
                    "executed_branches": [
                        [
                            81,
                            -56
                        ],
                        [
                            81,
                            82
                        ],
                        [
                            103,
                            -86
                        ],
                        [
                            103,
                            105
                        ],
                        [
                            107,
                            -86
                        ],
                        [
                            107,
                            108
                        ],
                        [
                            116,
                            107
                        ],
                        [
                            116,
                            117
                        ],
                        [
                            142,
                            143
                        ],
                        [
                            142,
                            145
                        ],
                        [
                            170,
                            171
                        ],
                        [
                            170,
                            174
                        ],
                        [
                            193,
                            194
                        ],
                        [
                            193,
                            201
                        ]
                    ],
                    "missing_branches": []
                }
            }
        },
        "src/pdoflow/cluster.py": {
            "executed_lines": [
                1,
                5,
                6,
                7,
                8,
                9,
                10,
                11,
                12,
                14,
                15,
                16,
                18,
                19,
                20,
                21,
                22,
                25,
                46,
                47,
                48,
                50,
                53,
                54,
                56,
                57,
                58,
                60,
                67,
                71,
                72,
                88,
                96,
                97,
                98,
                99,
                100,
                101,
                102,
                103,
                105,
                108,
                111,
                161,
                191,
                199,
                200,
                206,
                218,
                219,
                220,
                221,
                222,
                223,
                225,
                226,
                227,
                235,
                236,
                238,
                239,
                240,
                242,
                258,
                298,
                300,
                301,
                305,
                307,
                308,
                310,
                313,
                315,
                316,
                318
            ],
            "summary": {
                "covered_lines": 70,
                "num_statements": 139,
                "percent_covered": 47.337278106508876,
                "percent_covered_display": "47.34",
                "missing_lines": 69,
                "excluded_lines": 2,
                "num_branches": 30,
                "num_partial_branches": 2,
                "covered_branches": 10,
                "missing_branches": 20
            },
            "missing_lines": [
                61,
                62,
                63,
                64,
                65,
                68,
                109,
                112,
                113,
                114,
                115,
                116,
                117,
                121,
                122,
                123,
                124,
                125,
                126,
                129,
                130,
                131,
                132,
                133,
                135,
                137,
                138,
                142,
                143,
                144,
                145,
                149,
                150,
                152,
                153,
                157,
                159,
                162,
                163,
                164,
                165,
                166,
                170,
                175,
                176,
                178,
                179,
                180,
                182,
                183,
                184,
                186,
                187,
                189,
                192,
                193,
                194,
                195,
                196,
                248,
                249,
                250,
                251,
                252,
                254,
                255,
                256,
                311,
                319
            ],
            "excluded_lines": [
                105,
                106
            ],
            "executed_branches": [
                [
                    226,
                    227
                ],
                [
                    226,
                    236
                ],
                [
                    239,
                    -238
                ],
                [
                    239,
                    240
                ],
                [
                    307,
                    -258
                ],
                [
                    307,
                    308
                ],
                [
                    310,
                    313
                ],
                [
                    315,
                    316
                ],
                [
                    315,
                    318
                ],
                [
                    318,
                    307
                ]
            ],
            "missing_branches": [
                [
                    112,
                    113
                ],
                [
                    112,
                    115
                ],
                [
                    137,
                    138
                ],
                [
                    137,
                    144
                ],
                [
                    144,
                    145
                ],
                [
                    144,
                    152
                ],
                [
                    178,
                    179
                ],
                [
                    178,
                    182
                ],
                [
                    186,
                    187
                ],
                [
                    186,
                    189
                ],
                [
                    195,
                    193
                ],
                [
                    195,
                    196
                ],
                [
                    249,
                    250
                ],
                [
                    249,
                    254
                ],
                [
                    250,
                    249
                ],
                [
                    250,
                    251
                ],
                [
                    254,
                    -242
                ],
                [
                    254,
                    255
                ],
                [
                    310,
                    311
                ],
                [
                    318,
                    319
                ]
            ],
            "functions": {
                "job": {
                    "executed_lines": [
                        46,
                        50
                    ],
                    "summary": {
                        "covered_lines": 2,
                        "num_statements": 2,
                        "percent_covered": 100.0,
                        "percent_covered_display": "100.00",
                        "missing_lines": 0,
                        "excluded_lines": 0,
                        "num_branches": 0,
                        "num_partial_branches": 0,
                        "covered_branches": 0,
                        "missing_branches": 0
                    },
                    "missing_lines": [],
                    "excluded_lines": [],
                    "executed_branches": [],
                    "missing_branches": []
                },
                "job.__internal": {
                    "executed_lines": [
                        47,
                        48
                    ],
                    "summary": {
                        "covered_lines": 2,
                        "num_statements": 2,
                        "percent_covered": 100.0,
                        "percent_covered_display": "100.00",
                        "missing_lines": 0,
                        "excluded_lines": 0,
                        "num_branches": 0,
                        "num_partial_branches": 0,
                        "covered_branches": 0,
                        "missing_branches": 0
                    },
                    "missing_lines": [],
                    "excluded_lines": [],
                    "executed_branches": [],
                    "missing_branches": []
                },
                "_FailureCache.__init__": {
                    "executed_lines": [
                        57,
                        58
                    ],
                    "summary": {
                        "covered_lines": 2,
                        "num_statements": 2,
                        "percent_covered": 100.0,
                        "percent_covered_display": "100.00",
                        "missing_lines": 0,
                        "excluded_lines": 0,
                        "num_branches": 0,
                        "num_partial_branches": 0,
                        "covered_branches": 0,
                        "missing_branches": 0
                    },
                    "missing_lines": [],
                    "excluded_lines": [],
                    "executed_branches": [],
                    "missing_branches": []
                },
                "_FailureCache.__getitem__": {
                    "executed_lines": [],
                    "summary": {
                        "covered_lines": 0,
                        "num_statements": 5,
                        "percent_covered": 0.0,
                        "percent_covered_display": "0.00",
                        "missing_lines": 5,
                        "excluded_lines": 0,
                        "num_branches": 0,
                        "num_partial_branches": 0,
                        "covered_branches": 0,
                        "missing_branches": 0
                    },
                    "missing_lines": [
                        61,
                        62,
                        63,
                        64,
                        65
                    ],
                    "excluded_lines": [],
                    "executed_branches": [],
                    "missing_branches": []
                },
                "_FailureCache.__setitem__": {
                    "executed_lines": [],
                    "summary": {
                        "covered_lines": 0,
                        "num_statements": 1,
                        "percent_covered": 0.0,
                        "percent_covered_display": "0.00",
                        "missing_lines": 1,
                        "excluded_lines": 0,
                        "num_branches": 0,
                        "num_partial_branches": 0,
                        "covered_branches": 0,
                        "missing_branches": 0
                    },
                    "missing_lines": [
                        68
                    ],
                    "excluded_lines": [],
                    "executed_branches": [],
                    "missing_branches": []
                },
                "ClusterProcess.__init__": {
                    "executed_lines": [
                        96,
                        97,
                        98,
                        99,
                        100,
                        101,
                        102,
                        103
                    ],
                    "summary": {
                        "covered_lines": 8,
                        "num_statements": 8,
                        "percent_covered": 100.0,
                        "percent_covered_display": "100.00",
                        "missing_lines": 0,
                        "excluded_lines": 0,
                        "num_branches": 0,
                        "num_partial_branches": 0,
                        "covered_branches": 0,
                        "missing_branches": 0
                    },
                    "missing_lines": [],
                    "excluded_lines": [],
                    "executed_branches": [],
                    "missing_branches": []
                },
                "ClusterProcess.__repr__": {
                    "executed_lines": [],
                    "summary": {
                        "covered_lines": 0,
                        "num_statements": 0,
                        "percent_covered": 100.0,
                        "percent_covered_display": "100.00",
                        "missing_lines": 0,
                        "excluded_lines": 1,
                        "num_branches": 0,
                        "num_partial_branches": 0,
                        "covered_branches": 0,
                        "missing_branches": 0
                    },
                    "missing_lines": [],
                    "excluded_lines": [
                        106
                    ],
                    "executed_branches": [],
                    "missing_branches": []
                },
                "ClusterProcess._pre_run_init": {
                    "executed_lines": [],
                    "summary": {
                        "covered_lines": 0,
                        "num_statements": 1,
                        "percent_covered": 0.0,
                        "percent_covered_display": "0.00",
                        "missing_lines": 1,
                        "excluded_lines": 0,
                        "num_branches": 0,
                        "num_partial_branches": 0,
                        "covered_branches": 0,
                        "missing_branches": 0
                    },
                    "missing_lines": [
                        109
                    ],
                    "excluded_lines": [],
                    "executed_branches": [],
                    "missing_branches": []
                },
                "ClusterProcess.process_job": {
                    "executed_lines": [],
                    "summary": {
                        "covered_lines": 0,
                        "num_statements": 30,
                        "percent_covered": 0.0,
                        "percent_covered_display": "0.00",
                        "missing_lines": 30,
                        "excluded_lines": 0,
                        "num_branches": 6,
                        "num_partial_branches": 0,
                        "covered_branches": 0,
                        "missing_branches": 6
                    },
                    "missing_lines": [
                        112,
                        113,
                        114,
                        115,
                        116,
                        117,
                        121,
                        122,
                        123,
                        124,
                        125,
                        126,
                        129,
                        130,
                        131,
                        132,
                        133,
                        135,
                        137,
                        138,
                        142,
                        143,
                        144,
                        145,
                        149,
                        150,
                        152,
                        153,
                        157,
                        159
                    ],
                    "excluded_lines": [],
                    "executed_branches": [],
                    "missing_branches": [
                        [
                            112,
                            113
                        ],
                        [
                            112,
                            115
                        ],
                        [
                            137,
                            138
                        ],
                        [
                            137,
                            144
                        ],
                        [
                            144,
                            145
                        ],
                        [
                            144,
                            152
                        ]
                    ]
                },
                "ClusterProcess.process_job_records": {
                    "executed_lines": [],
                    "summary": {
                        "covered_lines": 0,
                        "num_statements": 17,
                        "percent_covered": 0.0,
                        "percent_covered_display": "0.00",
                        "missing_lines": 17,
                        "excluded_lines": 0,
                        "num_branches": 4,
                        "num_partial_branches": 0,
                        "covered_branches": 0,
                        "missing_branches": 4
                    },
                    "missing_lines": [
                        162,
                        163,
                        164,
                        165,
                        166,
                        170,
                        175,
                        176,
                        178,
                        179,
                        180,
                        182,
                        183,
                        184,
                        186,
                        187,
                        189
                    ],
                    "excluded_lines": [],
                    "executed_branches": [],
                    "missing_branches": [
                        [
                            178,
                            179
                        ],
                        [
                            178,
                            182
                        ],
                        [
                            186,
                            187
                        ],
                        [
                            186,
                            189
                        ]
                    ]
                },
                "ClusterProcess.run": {
                    "executed_lines": [],
                    "summary": {
                        "covered_lines": 0,
                        "num_statements": 5,
                        "percent_covered": 0.0,
                        "percent_covered_display": "0.00",
                        "missing_lines": 5,
                        "excluded_lines": 0,
                        "num_branches": 2,
                        "num_partial_branches": 0,
                        "covered_branches": 0,
                        "missing_branches": 2
                    },
                    "missing_lines": [
                        192,
                        193,
                        194,
                        195,
                        196
                    ],
                    "excluded_lines": [],
                    "executed_branches": [],
                    "missing_branches": [
                        [
                            195,
                            193
                        ],
                        [
                            195,
                            196
                        ]
                    ]
                },
                "ClusterPool.__init__": {
                    "executed_lines": [
                        218,
                        219,
                        220,
                        221,
                        222,
                        223
                    ],
                    "summary": {
                        "covered_lines": 6,
                        "num_statements": 6,
                        "percent_covered": 100.0,
                        "percent_covered_display": "100.00",
                        "missing_lines": 0,
                        "excluded_lines": 0,
                        "num_branches": 0,
                        "num_partial_branches": 0,
                        "covered_branches": 0,
                        "missing_branches": 0
                    },
                    "missing_lines": [],
                    "excluded_lines": [],
                    "executed_branches": [],
                    "missing_branches": []
                },
                "ClusterPool.__enter__": {
                    "executed_lines": [
                        226,
                        227,
                        235,
                        236
                    ],
                    "summary": {
                        "covered_lines": 4,
                        "num_statements": 4,
                        "percent_covered": 100.0,
                        "percent_covered_display": "100.00",
                        "missing_lines": 0,
                        "excluded_lines": 0,
                        "num_branches": 2,
                        "num_partial_branches": 0,
                        "covered_branches": 2,
                        "missing_branches": 0
                    },
                    "missing_lines": [],
                    "excluded_lines": [],
                    "executed_branches": [
                        [
                            226,
                            227
                        ],
                        [
                            226,
                            236
                        ]
                    ],
                    "missing_branches": []
                },
                "ClusterPool.__exit__": {
                    "executed_lines": [
                        239,
                        240
                    ],
                    "summary": {
                        "covered_lines": 2,
                        "num_statements": 2,
                        "percent_covered": 100.0,
                        "percent_covered_display": "100.00",
                        "missing_lines": 0,
                        "excluded_lines": 0,
                        "num_branches": 2,
                        "num_partial_branches": 0,
                        "covered_branches": 2,
                        "missing_branches": 0
                    },
                    "missing_lines": [],
                    "excluded_lines": [],
                    "executed_branches": [
                        [
                            239,
                            -238
                        ],
                        [
                            239,
                            240
                        ]
                    ],
                    "missing_branches": []
                },
                "ClusterPool.upkeep": {
                    "executed_lines": [],
                    "summary": {
                        "covered_lines": 0,
                        "num_statements": 8,
                        "percent_covered": 0.0,
                        "percent_covered_display": "0.00",
                        "missing_lines": 8,
                        "excluded_lines": 0,
                        "num_branches": 6,
                        "num_partial_branches": 0,
                        "covered_branches": 0,
                        "missing_branches": 6
                    },
                    "missing_lines": [
                        248,
                        249,
                        250,
                        251,
                        252,
                        254,
                        255,
                        256
                    ],
                    "excluded_lines": [],
                    "executed_branches": [],
                    "missing_branches": [
                        [
                            249,
                            250
                        ],
                        [
                            249,
                            254
                        ],
                        [
                            250,
                            249
                        ],
                        [
                            250,
                            251
                        ],
                        [
                            254,
                            -242
                        ],
                        [
                            254,
                            255
                        ]
                    ]
                },
                "ClusterPool.await_posting_completion": {
                    "executed_lines": [
                        298,
                        300,
                        301,
                        305,
                        307,
                        308,
                        310,
                        313,
                        315,
                        316,
                        318
                    ],
                    "summary": {
                        "covered_lines": 11,
                        "num_statements": 13,
                        "percent_covered": 80.95238095238095,
                        "percent_covered_display": "80.95",
                        "missing_lines": 2,
                        "excluded_lines": 0,
                        "num_branches": 8,
                        "num_partial_branches": 2,
                        "covered_branches": 6,
                        "missing_branches": 2
                    },
                    "missing_lines": [
                        311,
                        319
                    ],
                    "excluded_lines": [],
                    "executed_branches": [
                        [
                            307,
                            -258
                        ],
                        [
                            307,
                            308
                        ],
                        [
                            310,
                            313
                        ],
                        [
                            315,
                            316
                        ],
                        [
                            315,
                            318
                        ],
                        [
                            318,
                            307
                        ]
                    ],
                    "missing_branches": [
                        [
                            310,
                            311
                        ],
                        [
                            318,
                            319
                        ]
                    ]
                },
                "": {
                    "executed_lines": [
                        1,
                        5,
                        6,
                        7,
                        8,
                        9,
                        10,
                        11,
                        12,
                        14,
                        15,
                        16,
                        18,
                        19,
                        20,
                        21,
                        22,
                        25,
                        53,
                        54,
                        56,
                        60,
                        67,
                        71,
                        72,
                        88,
                        105,
                        108,
                        111,
                        161,
                        191,
                        199,
                        200,
                        206,
                        225,
                        238,
                        242,
                        258
                    ],
                    "summary": {
                        "covered_lines": 33,
                        "num_statements": 33,
                        "percent_covered": 100.0,
                        "percent_covered_display": "100.00",
                        "missing_lines": 0,
                        "excluded_lines": 1,
                        "num_branches": 0,
                        "num_partial_branches": 0,
                        "covered_branches": 0,
                        "missing_branches": 0
                    },
                    "missing_lines": [],
                    "excluded_lines": [
                        105
                    ],
                    "executed_branches": [],
                    "missing_branches": []
                }
            },
            "classes": {
                "_FailureCache": {
                    "executed_lines": [
                        57,
                        58
                    ],
                    "summary": {
                        "covered_lines": 2,
                        "num_statements": 8,
                        "percent_covered": 25.0,
                        "percent_covered_display": "25.00",
                        "missing_lines": 6,
                        "excluded_lines": 0,
                        "num_branches": 0,
                        "num_partial_branches": 0,
                        "covered_branches": 0,
                        "missing_branches": 0
                    },
                    "missing_lines": [
                        61,
                        62,
                        63,
                        64,
                        65,
                        68
                    ],
                    "excluded_lines": [],
                    "executed_branches": [],
                    "missing_branches": []
                },
                "ClusterProcess": {
                    "executed_lines": [
                        96,
                        97,
                        98,
                        99,
                        100,
                        101,
                        102,
                        103
                    ],
                    "summary": {
                        "covered_lines": 8,
                        "num_statements": 61,
                        "percent_covered": 10.95890410958904,
                        "percent_covered_display": "10.96",
                        "missing_lines": 53,
                        "excluded_lines": 1,
                        "num_branches": 12,
                        "num_partial_branches": 0,
                        "covered_branches": 0,
                        "missing_branches": 12
                    },
                    "missing_lines": [
                        109,
                        112,
                        113,
                        114,
                        115,
                        116,
                        117,
                        121,
                        122,
                        123,
                        124,
                        125,
                        126,
                        129,
                        130,
                        131,
                        132,
                        133,
                        135,
                        137,
                        138,
                        142,
                        143,
                        144,
                        145,
                        149,
                        150,
                        152,
                        153,
                        157,
                        159,
                        162,
                        163,
                        164,
                        165,
                        166,
                        170,
                        175,
                        176,
                        178,
                        179,
                        180,
                        182,
                        183,
                        184,
                        186,
                        187,
                        189,
                        192,
                        193,
                        194,
                        195,
                        196
                    ],
                    "excluded_lines": [
                        106
                    ],
                    "executed_branches": [],
                    "missing_branches": [
                        [
                            112,
                            113
                        ],
                        [
                            112,
                            115
                        ],
                        [
                            137,
                            138
                        ],
                        [
                            137,
                            144
                        ],
                        [
                            144,
                            145
                        ],
                        [
                            144,
                            152
                        ],
                        [
                            178,
                            179
                        ],
                        [
                            178,
                            182
                        ],
                        [
                            186,
                            187
                        ],
                        [
                            186,
                            189
                        ],
                        [
                            195,
                            193
                        ],
                        [
                            195,
                            196
                        ]
                    ]
                },
                "ClusterPool": {
                    "executed_lines": [
                        218,
                        219,
                        220,
                        221,
                        222,
                        223,
                        226,
                        227,
                        235,
                        236,
                        239,
                        240,
                        298,
                        300,
                        301,
                        305,
                        307,
                        308,
                        310,
                        313,
                        315,
                        316,
                        318
                    ],
                    "summary": {
                        "covered_lines": 23,
                        "num_statements": 33,
                        "percent_covered": 64.70588235294117,
                        "percent_covered_display": "64.71",
                        "missing_lines": 10,
                        "excluded_lines": 0,
                        "num_branches": 18,
                        "num_partial_branches": 2,
                        "covered_branches": 10,
                        "missing_branches": 8
                    },
                    "missing_lines": [
                        248,
                        249,
                        250,
                        251,
                        252,
                        254,
                        255,
                        256,
                        311,
                        319
                    ],
                    "excluded_lines": [],
                    "executed_branches": [
                        [
                            226,
                            227
                        ],
                        [
                            226,
                            236
                        ],
                        [
                            239,
                            -238
                        ],
                        [
                            239,
                            240
                        ],
                        [
                            307,
                            -258
                        ],
                        [
                            307,
                            308
                        ],
                        [
                            310,
                            313
                        ],
                        [
                            315,
                            316
                        ],
                        [
                            315,
                            318
                        ],
                        [
                            318,
                            307
                        ]
                    ],
                    "missing_branches": [
                        [
                            249,
                            250
                        ],
                        [
                            249,
                            254
                        ],
                        [
                            250,
                            249
                        ],
                        [
                            250,
                            251
                        ],
                        [
                            254,
                            -242
                        ],
                        [
                            254,
                            255
                        ],
                        [
                            310,
                            311
                        ],
                        [
                            318,
                            319
                        ]
                    ]
                },
                "": {
                    "executed_lines": [
                        1,
                        5,
                        6,
                        7,
                        8,
                        9,
                        10,
                        11,
                        12,
                        14,
                        15,
                        16,
                        18,
                        19,
                        20,
                        21,
                        22,
                        25,
                        46,
                        47,
                        48,
                        50,
                        53,
                        54,
                        56,
                        60,
                        67,
                        71,
                        72,
                        88,
                        105,
                        108,
                        111,
                        161,
                        191,
                        199,
                        200,
                        206,
                        225,
                        238,
                        242,
                        258
                    ],
                    "summary": {
                        "covered_lines": 37,
                        "num_statements": 37,
                        "percent_covered": 100.0,
                        "percent_covered_display": "100.00",
                        "missing_lines": 0,
                        "excluded_lines": 1,
                        "num_branches": 0,
                        "num_partial_branches": 0,
                        "covered_branches": 0,
                        "missing_branches": 0
                    },
                    "missing_lines": [],
                    "excluded_lines": [
                        105
                    ],
                    "executed_branches": [],
                    "missing_branches": []
                }
            }
        },
        "src/pdoflow/io.py": {
            "executed_lines": [
                1,
                2,
                3,
                5,
                7,
                10,
                11,
                12,
                13,
                14,
                15,
                16,
                38,
                40,
                41,
                42,
                44
            ],
            "summary": {
                "covered_lines": 17,
                "num_statements": 20,
                "percent_covered": 85.0,
                "percent_covered_display": "85.00",
                "missing_lines": 3,
                "excluded_lines": 0,
                "num_branches": 0,
                "num_partial_branches": 0,
                "covered_branches": 0,
                "missing_branches": 0
            },
            "missing_lines": [
                23,
                32,
                35
            ],
            "excluded_lines": [],
            "executed_branches": [],
            "missing_branches": [],
            "functions": {
                "configure_engine": {
                    "executed_lines": [],
                    "summary": {
                        "covered_lines": 0,
                        "num_statements": 3,
                        "percent_covered": 0.0,
                        "percent_covered_display": "0.00",
                        "missing_lines": 3,
                        "excluded_lines": 0,
                        "num_branches": 0,
                        "num_partial_branches": 0,
                        "covered_branches": 0,
                        "missing_branches": 0
                    },
                    "missing_lines": [
                        23,
                        32,
                        35
                    ],
                    "excluded_lines": [],
                    "executed_branches": [],
                    "missing_branches": []
                },
                "": {
                    "executed_lines": [
                        1,
                        2,
                        3,
                        5,
                        7,
                        10,
                        11,
                        12,
                        13,
                        14,
                        15,
                        16,
                        38,
                        40,
                        41,
                        42,
                        44
                    ],
                    "summary": {
                        "covered_lines": 17,
                        "num_statements": 17,
                        "percent_covered": 100.0,
                        "percent_covered_display": "100.00",
                        "missing_lines": 0,
                        "excluded_lines": 0,
                        "num_branches": 0,
                        "num_partial_branches": 0,
                        "covered_branches": 0,
                        "missing_branches": 0
                    },
                    "missing_lines": [],
                    "excluded_lines": [],
                    "executed_branches": [],
                    "missing_branches": []
                }
            },
            "classes": {
                "": {
                    "executed_lines": [
                        1,
                        2,
                        3,
                        5,
                        7,
                        10,
                        11,
                        12,
                        13,
                        14,
                        15,
                        16,
                        38,
                        40,
                        41,
                        42,
                        44
                    ],
                    "summary": {
                        "covered_lines": 17,
                        "num_statements": 20,
                        "percent_covered": 85.0,
                        "percent_covered_display": "85.00",
                        "missing_lines": 3,
                        "excluded_lines": 0,
                        "num_branches": 0,
                        "num_partial_branches": 0,
                        "covered_branches": 0,
                        "missing_branches": 0
                    },
                    "missing_lines": [
                        23,
                        32,
                        35
                    ],
                    "excluded_lines": [],
                    "executed_branches": [],
                    "missing_branches": []
                }
            }
        },
        "src/pdoflow/models.py": {
            "executed_lines": [
                1,
                2,
                3,
                4,
                5,
                7,
                8,
                9,
                10,
                12,
                13,
                16,
                17,
                22,
                26,
                27,
                31,
                32,
                33,
                34,
                35,
                36,
                38,
                41,
                42,
                47,
                49,
                51,
                52,
                53,
                54,
                56,
                60,
                61,
                66,
                67,
                69,
                70,
                72,
                73,
                74,
                76,
                77,
                78,
                79,
                85,
                87,
                88,
                89,
                91,
                92,
                93,
                94,
                100,
                102,
                103,
                104,
                105,
                107,
                108,
                109,
                110,
                112,
                113,
                115,
                117,
                118,
                119,
                120,
                123,
                126,
                128,
                130,
                135,
                139,
                140,
                141,
                142,
                144,
                145,
                146,
                147,
                149,
                161,
                164,
                165,
                166,
                168,
                169,
                170,
                171,
                175,
                176,
                177,
                179,
                180,
                181,
                183,
                184,
                189,
                190,
                191,
                197,
                198,
                207,
                208,
                209,
                214,
                215,
                216,
                229,
                231,
                232,
                235,
                247,
                250,
                253,
                255,
                256,
                257,
                258,
                260,
                262,
                263,
                264,
                265,
                267,
                268,
                269,
                270,
                271
            ],
            "summary": {
                "covered_lines": 127,
                "num_statements": 138,
                "percent_covered": 88.46153846153847,
                "percent_covered_display": "88.46",
                "missing_lines": 11,
                "excluded_lines": 7,
                "num_branches": 18,
                "num_partial_branches": 1,
                "covered_branches": 11,
                "missing_branches": 7
            },
            "missing_lines": [
                185,
                186,
                187,
                192,
                199,
                200,
                202,
                203,
                205,
                210,
                248
            ],
            "excluded_lines": [
                60,
                61,
                62,
                63,
                64,
                161,
                162
            ],
            "executed_branches": [
                [
                    31,
                    32
                ],
                [
                    31,
                    38
                ],
                [
                    33,
                    34
                ],
                [
                    33,
                    36
                ],
                [
                    107,
                    108
                ],
                [
                    107,
                    112
                ],
                [
                    108,
                    109
                ],
                [
                    108,
                    110
                ],
                [
                    112,
                    113
                ],
                [
                    112,
                    115
                ],
                [
                    247,
                    250
                ]
            ],
            "missing_branches": [
                [
                    185,
                    186
                ],
                [
                    185,
                    187
                ],
                [
                    199,
                    200
                ],
                [
                    199,
                    202
                ],
                [
                    202,
                    203
                ],
                [
                    202,
                    205
                ],
                [
                    247,
                    248
                ]
            ],
            "functions": {
                "Base.select": {
                    "executed_lines": [
                        31,
                        32,
                        33,
                        34,
                        35,
                        36,
                        38
                    ],
                    "summary": {
                        "covered_lines": 7,
                        "num_statements": 7,
                        "percent_covered": 100.0,
                        "percent_covered_display": "100.00",
                        "missing_lines": 0,
                        "excluded_lines": 0,
                        "num_branches": 4,
                        "num_partial_branches": 0,
                        "covered_branches": 4,
                        "missing_branches": 0
                    },
                    "missing_lines": [],
                    "excluded_lines": [],
                    "executed_branches": [
                        [
                            31,
                            32
                        ],
                        [
                            31,
                            38
                        ],
                        [
                            33,
                            34
                        ],
                        [
                            33,
                            36
                        ]
                    ],
                    "missing_branches": []
                },
[...]
                        17,
                        18,
                        23,
                        25,
                        98,
                        99,
                        100,
                        117,
                        119,
                        132,
                        140,
                        163,
                        164,
                        167,
                        174
                    ],
                    "summary": {
                        "covered_lines": 21,
                        "num_statements": 21,
                        "percent_covered": 100.0,
                        "percent_covered_display": "100.00",
                        "missing_lines": 0,
                        "excluded_lines": 0,
                        "num_branches": 0,
                        "num_partial_branches": 0,
                        "covered_branches": 0,
                        "missing_branches": 0
                    },
                    "missing_lines": [],
                    "excluded_lines": [],
                    "executed_branches": [],
                    "missing_branches": []
                }
            }
        },
        "src/pdoflow/status.py": {
            "executed_lines": [
                1,
                4,
                5,
                6,
                7,
                8,
                11,
                12,
                13,
                14,
                15,
                17,
                18,
                19
            ],
            "summary": {
                "covered_lines": 14,
                "num_statements": 14,
                "percent_covered": 100.0,
                "percent_covered_display": "100.00",
                "missing_lines": 0,
                "excluded_lines": 0,
                "num_branches": 0,
                "num_partial_branches": 0,
                "covered_branches": 0,
                "missing_branches": 0
            },
            "missing_lines": [],
            "excluded_lines": [],
            "executed_branches": [],
            "missing_branches": [],
            "functions": {
                "JobStatus.exited": {
                    "executed_lines": [
                        18,
                        19
                    ],
                    "summary": {
                        "covered_lines": 2,
                        "num_statements": 2,
                        "percent_covered": 100.0,
                        "percent_covered_display": "100.00",
                        "missing_lines": 0,
                        "excluded_lines": 0,
                        "num_branches": 0,
                        "num_partial_branches": 0,
                        "covered_branches": 0,
                        "missing_branches": 0
                    },
                    "missing_lines": [],
                    "excluded_lines": [],
                    "executed_branches": [],
                    "missing_branches": []
                },
                "": {
                    "executed_lines": [
                        1,
                        4,
                        5,
                        6,
                        7,
                        8,
                        11,
                        12,
                        13,
                        14,
                        15,
                        17
                    ],
                    "summary": {
                        "covered_lines": 12,
                        "num_statements": 12,
                        "percent_covered": 100.0,
                        "percent_covered_display": "100.00",
                        "missing_lines": 0,
                        "excluded_lines": 0,
                        "num_branches": 0,
                        "num_partial_branches": 0,
                        "covered_branches": 0,
                        "missing_branches": 0
                    },
                    "missing_lines": [],
                    "excluded_lines": [],
                    "executed_branches": [],
                    "missing_branches": []
                }
            },
            "classes": {
                "PostingStatus": {
                    "executed_lines": [],
                    "summary": {
                        "covered_lines": 0,
                        "num_statements": 0,
                        "percent_covered": 100.0,
                        "percent_covered_display": "100.00",
                        "missing_lines": 0,
                        "excluded_lines": 0,
                        "num_branches": 0,
                        "num_partial_branches": 0,
                        "covered_branches": 0,
                        "missing_branches": 0
                    },
                    "missing_lines": [],
                    "excluded_lines": [],
                    "executed_branches": [],
                    "missing_branches": []
                },
                "JobStatus": {
                    "executed_lines": [
                        18,
                        19
                    ],
                    "summary": {
                        "covered_lines": 2,
                        "num_statements": 2,
                        "percent_covered": 100.0,
                        "percent_covered_display": "100.00",
                        "missing_lines": 0,
                        "excluded_lines": 0,
                        "num_branches": 0,
                        "num_partial_branches": 0,
                        "covered_branches": 0,
                        "missing_branches": 0
                    },
                    "missing_lines": [],
                    "excluded_lines": [],
                    "executed_branches": [],
                    "missing_branches": []
                },
                "": {
                    "executed_lines": [
                        1,
                        4,
                        5,
                        6,
                        7,
                        8,
                        11,
                        12,
                        13,
                        14,
                        15,
                        17
                    ],
                    "summary": {
                        "covered_lines": 12,
                        "num_statements": 12,
                        "percent_covered": 100.0,
                        "percent_covered_display": "100.00",
                        "missing_lines": 0,
                        "excluded_lines": 0,
                        "num_branches": 0,
                        "num_partial_branches": 0,
                        "covered_branches": 0,
                        "missing_branches": 0
                    },
                    "missing_lines": [],
                    "excluded_lines": [],
                    "executed_branches": [],
                    "missing_branches": []
                }
            }
        },
        "src/pdoflow/utils.py": {
            "executed_lines": [
                1,
                7,
                8,
                9,
                10,
                12,
                13,
                14,
                17,
                21,
                22,
                23,
                25,
                34,
                35,
                38,
                39,
                40,
                52,
                55,
                56,
                58,
                61,
                65,
                66,
                67,
                68,
                69,
                70,
                73
            ],
            "summary": {
                "covered_lines": 29,
                "num_statements": 38,
                "percent_covered": 73.80952380952381,
                "percent_covered_display": "73.81",
                "missing_lines": 9,
                "excluded_lines": 0,
                "num_branches": 4,
                "num_partial_branches": 2,
                "covered_branches": 2,
                "missing_branches": 2
            },
            "missing_lines": [
                24,
                26,
                27,
                45,
                46,
                74,
                76,
                79,
                81
            ],
            "excluded_lines": [],
            "executed_branches": [
                [
                    23,
                    25
                ],
                [
                    40,
                    -38
                ]
            ],
            "missing_branches": [
                [
                    23,
                    24
                ],
                [
                    40,
                    45
                ]
            ],
            "functions": {
                "get_module_path": {
                    "executed_lines": [
                        21,
                        22,
                        23,
                        25
                    ],
                    "summary": {
                        "covered_lines": 4,
                        "num_statements": 7,
                        "percent_covered": 55.55555555555556,
                        "percent_covered_display": "55.56",
                        "missing_lines": 3,
                        "excluded_lines": 0,
                        "num_branches": 2,
                        "num_partial_branches": 1,
                        "covered_branches": 1,
                        "missing_branches": 1
                    },
                    "missing_lines": [
                        24,
                        26,
                        27
                    ],
                    "excluded_lines": [],
                    "executed_branches": [
                        [
                            23,
                            25
                        ]
                    ],
                    "missing_branches": [
                        [
                            23,
                            24
                        ]
                    ]
                },
                "connect": {
                    "executed_lines": [
                        35
                    ],
                    "summary": {
                        "covered_lines": 1,
                        "num_statements": 1,
                        "percent_covered": 100.0,
                        "percent_covered_display": "100.00",
                        "missing_lines": 0,
                        "excluded_lines": 0,
                        "num_branches": 0,
                        "num_partial_branches": 0,
                        "covered_branches": 0,
                        "missing_branches": 0
                    },
                    "missing_lines": [],
                    "excluded_lines": [],
                    "executed_branches": [],
                    "missing_branches": []
                },
                "checkout": {
                    "executed_lines": [
                        39,
                        40
                    ],
                    "summary": {
                        "covered_lines": 2,
                        "num_statements": 4,
                        "percent_covered": 50.0,
                        "percent_covered_display": "50.00",
                        "missing_lines": 2,
                        "excluded_lines": 0,
                        "num_branches": 2,
                        "num_partial_branches": 1,
                        "covered_branches": 1,
                        "missing_branches": 1
                    },
                    "missing_lines": [
                        45,
                        46
                    ],
                    "excluded_lines": [],
                    "executed_branches": [
                        [
                            40,
                            -38
                        ]
                    ],
                    "missing_branches": [
                        [
                            40,
                            45
                        ]
                    ]
                },
                "register_process_guards": {
                    "executed_lines": [
                        55,
                        56,
                        58
                    ],
                    "summary": {
                        "covered_lines": 3,
                        "num_statements": 3,
                        "percent_covered": 100.0,
                        "percent_covered_display": "100.00",
                        "missing_lines": 0,
                        "excluded_lines": 0,
                        "num_branches": 0,
                        "num_partial_branches": 0,
                        "covered_branches": 0,
                        "missing_branches": 0
                    },
                    "missing_lines": [],
                    "excluded_lines": [],
                    "executed_branches": [],
                    "missing_branches": []
                },
                "load_function": {
                    "executed_lines": [
                        67,
                        68,
                        69,
                        70
                    ],
                    "summary": {
                        "covered_lines": 4,
                        "num_statements": 4,
                        "percent_covered": 100.0,
                        "percent_covered_display": "100.00",
                        "missing_lines": 0,
                        "excluded_lines": 0,
                        "num_branches": 0,
                        "num_partial_branches": 0,
                        "covered_branches": 0,
                        "missing_branches": 0
                    },
                    "missing_lines": [],
                    "excluded_lines": [],
                    "executed_branches": [],
                    "missing_branches": []
                },
                "make_warning_logger": {
                    "executed_lines": [],
                    "summary": {
                        "covered_lines": 0,
                        "num_statements": 3,
                        "percent_covered": 0.0,
                        "percent_covered_display": "0.00",
                        "missing_lines": 3,
                        "excluded_lines": 0,
                        "num_branches": 0,
                        "num_partial_branches": 0,
                        "covered_branches": 0,
                        "missing_branches": 0
                    },
                    "missing_lines": [
                        74,
                        76,
                        81
                    ],
                    "excluded_lines": [],
                    "executed_branches": [],
                    "missing_branches": []
                },
                "make_warning_logger.warning_logger": {
                    "executed_lines": [],
                    "summary": {
                        "covered_lines": 0,
                        "num_statements": 1,
                        "percent_covered": 0.0,
                        "percent_covered_display": "0.00",
                        "missing_lines": 1,
                        "excluded_lines": 0,
                        "num_branches": 0,
                        "num_partial_branches": 0,
                        "covered_branches": 0,
                        "missing_branches": 0
                    },
                    "missing_lines": [
                        79
                    ],
                    "excluded_lines": [],
                    "executed_branches": [],
                    "missing_branches": []
                },
                "": {
                    "executed_lines": [
                        1,
                        7,
                        8,
                        9,
                        10,
                        12,
                        13,
                        14,
                        17,
                        34,
                        38,
                        52,
                        61,
                        65,
                        66,
                        73
                    ],
                    "summary": {
                        "covered_lines": 15,
                        "num_statements": 15,
                        "percent_covered": 100.0,
                        "percent_covered_display": "100.00",
                        "missing_lines": 0,
                        "excluded_lines": 0,
                        "num_branches": 0,
                        "num_partial_branches": 0,
                        "covered_branches": 0,
                        "missing_branches": 0
                    },
                    "missing_lines": [],
                    "excluded_lines": [],
                    "executed_branches": [],
                    "missing_branches": []
                }
            },
            "classes": {
                "": {
                    "executed_lines": [
                        1,
                        7,
                        8,
                        9,
                        10,
                        12,
                        13,
                        14,
                        17,
                        21,
                        22,
                        23,
                        25,
                        34,
                        35,
                        38,
                        39,
                        40,
                        52,
                        55,
                        56,
                        58,
                        61,
                        65,
                        66,
                        67,
                        68,
                        69,
                        70,
                        73
                    ],
                    "summary": {
                        "covered_lines": 29,
                        "num_statements": 38,
                        "percent_covered": 73.80952380952381,
                        "percent_covered_display": "73.81",
                        "missing_lines": 9,
                        "excluded_lines": 0,
                        "num_branches": 4,
                        "num_partial_branches": 2,
                        "covered_branches": 2,
                        "missing_branches": 2
                    },
                    "missing_lines": [
                        24,
                        26,
                        27,
                        45,
                        46,
                        74,
                        76,
                        79,
                        81
                    ],
                    "excluded_lines": [],
                    "executed_branches": [
                        [
                            23,
                            25
                        ],
                        [
                            40,
                            -38
                        ]
                    ],
                    "missing_branches": [
                        [
                            23,
                            24
                        ],
                        [
                            40,
                            45
                        ]
                    ]
                }
            }
        }
    },
    "totals": {
        "covered_lines": 423,
        "num_statements": 517,
        "percent_covered": 79.01861252115059,
        "percent_covered_display": "79.02",
        "missing_lines": 94,
        "excluded_lines": 9,
        "num_branches": 74,
        "num_partial_branches": 6,
        "covered_branches": 44,
        "missing_branches": 30
    }
}
