{
    "meta": {
        "format": 3,
        "version": "7.6.1",
        "timestamp": "2025-08-06T03:42:17.803517",
        "branch_coverage": true,
        "show_contexts": false
    },
    "files": {
        "src/pdoflow/__init__.py": {
            "executed_lines": [
                1,
                3,
                4,
                8
            ],
            "summary": {
                "covered_lines": 4,
                "num_statements": 6,
                "percent_covered": 66.66666666666667,
                "percent_covered_display": "66.67",
                "missing_lines": 2,
                "excluded_lines": 0,
                "num_branches": 0,
                "num_partial_branches": 0,
                "covered_branches": 0,
                "missing_branches": 0
            },
            "missing_lines": [
                5,
                6
            ],
            "excluded_lines": [],
            "executed_branches": [],
            "missing_branches": [],
            "functions": {
                "": {
                    "executed_lines": [
                        1,
                        3,
                        4,
                        8
                    ],
                    "summary": {
                        "covered_lines": 4,
                        "num_statements": 6,
                        "percent_covered": 66.66666666666667,
                        "percent_covered_display": "66.67",
                        "missing_lines": 2,
                        "excluded_lines": 0,
                        "num_branches": 0,
                        "num_partial_branches": 0,
                        "covered_branches": 0,
                        "missing_branches": 0
                    },
                    "missing_lines": [
                        5,
                        6
                    ],
                    "excluded_lines": [],
                    "executed_branches": [],
                    "missing_branches": []
                }
            },
            "classes": {
                "": {
                    "executed_lines": [
                        1,
                        3,
                        4,
                        8
                    ],
                    "summary": {
                        "covered_lines": 4,
                        "num_statements": 6,
                        "percent_covered": 66.66666666666667,
                        "percent_covered_display": "66.67",
                        "missing_lines": 2,
                        "excluded_lines": 0,
                        "num_branches": 0,
                        "num_partial_branches": 0,
                        "covered_branches": 0,
                        "missing_branches": 0
                    },
                    "missing_lines": [
                        5,
                        6
                    ],
                    "excluded_lines": [],
                    "executed_branches": [],
                    "missing_branches": []
                }
            }
        },
        "src/pdoflow/cli.py": {
            "executed_lines": [],
            "summary": {
                "covered_lines": 0,
                "num_statements": 123,
                "percent_covered": 0.0,
                "percent_covered_display": "0.00",
                "missing_lines": 123,
                "excluded_lines": 0,
                "num_branches": 22,
                "num_partial_branches": 0,
                "covered_branches": 0,
                "missing_branches": 22
            },
            "missing_lines": [
                1,
                2,
                3,
                4,
                5,
                6,
                8,
                9,
                10,
                11,
                13,
                14,
                15,
                16,
                20,
                23,
                25,
                26,
                27,
                31,
                37,
                38,
                39,
                40,
                47,
                48,
                51,
                52,
                53,
                56,
                57,
                58,
                59,
                60,
                61,
                62,
                69,
                70,
                77,
                80,
                81,
                82,
                83,
                86,
                87,
                88,
                89,
                90,
                91,
                92,
                93,
                95,
                96,
                97,
                98,
                99,
                100,
                101,
                103,
                105,
                106,
                107,
                108,
                115,
                116,
                117,
                118,
                121,
                124,
                125,
                126,
                127,
                128,
                129,
                130,
                131,
                132,
                135,
                136,
                137,
                138,
                139,
                140,
                141,
                142,
                143,
                144,
                145,
                146,
                149,
                150,
                151,
                153,
                155,
                168,
                170,
                171,
                172,
                174,
                175,
                176,
                177,
                180,
                181,
                182,
                183,
                184,
                189,
                190,
                192,
                193,
                194,
                200,
                201,
                202,
                203,
                209,
                210,
                211,
                212,
                213,
                221,
                223
            ],
            "excluded_lines": [],
            "executed_branches": [],
            "missing_branches": [
                [
                    27,
                    -27
                ],
                [
                    27,
                    -25
                ],
                [
                    38,
                    39
                ],
                [
                    38,
                    40
                ],
                [
                    81,
                    -56
                ],
                [
                    81,
                    82
                ],
                [
                    95,
                    -95
                ],
                [
                    95,
                    96
                ],
                [
                    103,
                    -86
                ],
                [
                    103,
                    105
                ],
                [
                    107,
                    -86
                ],
                [
                    107,
                    108
                ],
                [
                    116,
                    107
                ],
                [
                    116,
                    117
                ],
                [
                    142,
                    143
                ],
                [
                    142,
                    145
                ],
                [
                    170,
                    171
                ],
                [
                    170,
                    174
                ],
                [
                    193,
                    194
                ],
                [
                    193,
                    201
                ],
                [
                    209,
                    210
                ],
                [
                    209,
                    212
                ]
            ],
            "functions": {
                "EnumChoice.__init__": {
                    "executed_lines": [],
                    "summary": {
                        "covered_lines": 0,
                        "num_statements": 2,
                        "percent_covered": 0.0,
                        "percent_covered_display": "0.00",
                        "missing_lines": 2,
                        "excluded_lines": 0,
                        "num_branches": 2,
                        "num_partial_branches": 0,
                        "covered_branches": 0,
                        "missing_branches": 2
                    },
                    "missing_lines": [
                        26,
                        27
                    ],
                    "excluded_lines": [],
                    "executed_branches": [],
                    "missing_branches": [
                        [
                            27,
                            -27
                        ],
                        [
                            27,
                            -25
                        ]
                    ]
                },
                "EnumChoice.convert": {
                    "executed_lines": [],
                    "summary": {
                        "covered_lines": 0,
                        "num_statements": 4,
                        "percent_covered": 0.0,
                        "percent_covered_display": "0.00",
                        "missing_lines": 4,
                        "excluded_lines": 0,
                        "num_branches": 2,
                        "num_partial_branches": 0,
                        "covered_branches": 0,
                        "missing_branches": 2
                    },
                    "missing_lines": [
                        37,
                        38,
                        39,
                        40
                    ],
                    "excluded_lines": [],
                    "executed_branches": [],
                    "missing_branches": [
                        [
                            38,
                            39
                        ],
                        [
                            38,
                            40
                        ]
                    ]
                },
                "EnumChoice.get_metavar": {
                    "executed_lines": [],
                    "summary": {
                        "covered_lines": 0,
                        "num_statements": 1,
                        "percent_covered": 0.0,
                        "percent_covered_display": "0.00",
                        "missing_lines": 1,
                        "excluded_lines": 0,
                        "num_branches": 0,
                        "num_partial_branches": 0,
                        "covered_branches": 0,
                        "missing_branches": 0
                    },
                    "missing_lines": [
                        48
                    ],
                    "excluded_lines": [],
                    "executed_branches": [],
                    "missing_branches": []
                },
                "pdoflow_main": {
                    "executed_lines": [],
                    "summary": {
                        "covered_lines": 0,
                        "num_statements": 1,
                        "percent_covered": 0.0,
                        "percent_covered_display": "0.00",
                        "missing_lines": 1,
                        "excluded_lines": 0,
                        "num_branches": 0,
                        "num_partial_branches": 0,
                        "covered_branches": 0,
                        "missing_branches": 0
                    },
                    "missing_lines": [
                        53
                    ],
                    "excluded_lines": [],
                    "executed_branches": [],
                    "missing_branches": []
                },
                "pool": {
                    "executed_lines": [],
                    "summary": {
                        "covered_lines": 0,
                        "num_statements": 7,
                        "percent_covered": 0.0,
                        "percent_covered_display": "0.00",
                        "missing_lines": 7,
                        "excluded_lines": 0,
                        "num_branches": 2,
                        "num_partial_branches": 0,
                        "covered_branches": 0,
                        "missing_branches": 2
                    },
                    "missing_lines": [
                        69,
                        70,
                        77,
                        80,
                        81,
                        82,
                        83
                    ],
                    "excluded_lines": [],
                    "executed_branches": [],
                    "missing_branches": [
                        [
                            81,
                            -56
                        ],
                        [
                            81,
                            82
                        ]
                    ]
                },
                "posting_status": {
                    "executed_lines": [],
                    "summary": {
                        "covered_lines": 0,
                        "num_statements": 20,
                        "percent_covered": 0.0,
                        "percent_covered_display": "0.00",
                        "missing_lines": 20,
                        "excluded_lines": 0,
                        "num_branches": 8,
                        "num_partial_branches": 0,
                        "covered_branches": 0,
                        "missing_branches": 8
                    },
                    "missing_lines": [
                        91,
                        92,
                        93,
                        95,
                        96,
                        97,
                        98,
                        99,
                        100,
                        101,
                        103,
                        105,
                        106,
                        107,
                        108,
                        115,
                        116,
                        117,
                        118,
                        121
                    ],
                    "excluded_lines": [],
                    "executed_branches": [],
                    "missing_branches": [
                        [
                            95,
                            -95
                        ],
                        [
                            95,
                            96
                        ],
                        [
                            103,
                            -86
                        ],
                        [
                            103,
                            105
                        ],
                        [
                            107,
                            -86
                        ],
                        [
                            107,
                            108
                        ],
                        [
                            116,
                            107
                        ],
                        [
                            116,
                            117
                        ]
                    ]
                },
                "list_postings": {
                    "executed_lines": [],
                    "summary": {
                        "covered_lines": 0,
                        "num_statements": 6,
                        "percent_covered": 0.0,
                        "percent_covered_display": "0.00",
                        "missing_lines": 6,
                        "excluded_lines": 0,
                        "num_branches": 0,
                        "num_partial_branches": 0,
                        "covered_branches": 0,
                        "missing_branches": 0
                    },
                    "missing_lines": [
                        127,
                        128,
                        129,
                        130,
                        131,
                        132
                    ],
                    "excluded_lines": [],
                    "executed_branches": [],
                    "missing_branches": []
                },
                "set_posting_status": {
                    "executed_lines": [],
                    "summary": {
                        "covered_lines": 0,
                        "num_statements": 8,
                        "percent_covered": 0.0,
                        "percent_covered_display": "0.00",
                        "missing_lines": 8,
                        "excluded_lines": 0,
                        "num_branches": 2,
                        "num_partial_branches": 0,
                        "covered_branches": 0,
                        "missing_branches": 2
                    },
                    "missing_lines": [
                        139,
                        140,
                        141,
                        142,
                        143,
                        144,
                        145,
                        146
                    ],
                    "excluded_lines": [],
                    "executed_branches": [],
                    "missing_branches": [
                        [
                            142,
                            143
                        ],
                        [
                            142,
                            145
                        ]
                    ]
                },
                "priority_stats": {
                    "executed_lines": [],
                    "summary": {
                        "covered_lines": 0,
                        "num_statements": 10,
                        "percent_covered": 0.0,
                        "percent_covered_display": "0.00",
                        "missing_lines": 10,
                        "excluded_lines": 0,
                        "num_branches": 2,
                        "num_partial_branches": 0,
                        "covered_branches": 0,
                        "missing_branches": 2
                    },
                    "missing_lines": [
                        153,
                        155,
                        168,
                        170,
                        171,
                        172,
                        174,
                        175,
                        176,
                        177
                    ],
                    "excluded_lines": [],
                    "executed_branches": [],
                    "missing_branches": [
                        [
                            170,
                            171
                        ],
                        [
                            170,
                            174
                        ]
                    ]
                },
                "execute_job": {
                    "executed_lines": [],
                    "summary": {
                        "covered_lines": 0,
                        "num_statements": 18,
                        "percent_covered": 0.0,
                        "percent_covered_display": "0.00",
                        "missing_lines": 18,
                        "excluded_lines": 0,
                        "num_branches": 4,
                        "num_partial_branches": 0,
                        "covered_branches": 0,
                        "missing_branches": 4
                    },
                    "missing_lines": [
                        183,
                        184,
                        189,
                        190,
                        192,
                        193,
                        194,
                        200,
                        201,
                        202,
                        203,
                        209,
                        210,
                        211,
                        212,
                        213,
                        221,
                        223
                    ],
                    "excluded_lines": [],
                    "executed_branches": [],
                    "missing_branches": [
                        [
                            193,
                            194
                        ],
                        [
                            193,
                            201
                        ],
                        [
                            209,
                            210
                        ],
                        [
                            209,
                            212
                        ]
                    ]
                },
                "": {
                    "executed_lines": [],
                    "summary": {
                        "covered_lines": 0,
                        "num_statements": 46,
                        "percent_covered": 0.0,
                        "percent_covered_display": "0.00",
                        "missing_lines": 46,
                        "excluded_lines": 0,
                        "num_branches": 0,
                        "num_partial_branches": 0,
                        "covered_branches": 0,
                        "missing_branches": 0
                    },
                    "missing_lines": [
                        1,
                        2,
                        3,
                        4,
                        5,
                        6,
                        8,
                        9,
                        10,
                        11,
                        13,
                        14,
                        15,
                        16,
                        20,
                        23,
                        25,
                        31,
                        47,
                        51,
                        52,
                        56,
                        57,
                        58,
                        59,
                        60,
                        61,
                        62,
                        86,
                        87,
                        88,
                        89,
                        90,
                        124,
                        125,
                        126,
                        135,
                        136,
                        137,
                        138,
                        149,
                        150,
                        151,
                        180,
                        181,
                        182
                    ],
                    "excluded_lines": [],
                    "executed_branches": [],
                    "missing_branches": []
                }
            },
            "classes": {
                "EnumChoice": {
                    "executed_lines": [],
                    "summary": {
                        "covered_lines": 0,
                        "num_statements": 7,
                        "percent_covered": 0.0,
                        "percent_covered_display": "0.00",
                        "missing_lines": 7,
                        "excluded_lines": 0,
                        "num_branches": 4,
                        "num_partial_branches": 0,
                        "covered_branches": 0,
                        "missing_branches": 4
                    },
                    "missing_lines": [
                        26,
                        27,
                        37,
                        38,
                        39,
                        40,
                        48
                    ],
                    "excluded_lines": [],
                    "executed_branches": [],
                    "missing_branches": [
                        [
                            27,
                            -27
                        ],
                        [
                            27,
                            -25
                        ],
                        [
                            38,
                            39
                        ],
                        [
                            38,
                            40
                        ]
                    ]
                },
                "": {
                    "executed_lines": [],
                    "summary": {
                        "covered_lines": 0,
                        "num_statements": 116,
                        "percent_covered": 0.0,
                        "percent_covered_display": "0.00",
                        "missing_lines": 116,
                        "excluded_lines": 0,
                        "num_branches": 18,
                        "num_partial_branches": 0,
                        "covered_branches": 0,
                        "missing_branches": 18
                    },
                    "missing_lines": [
                        1,
                        2,
                        3,
                        4,
                        5,
                        6,
                        8,
                        9,
                        10,
                        11,
                        13,
                        14,
                        15,
                        16,
                        20,
                        23,
                        25,
                        31,
                        47,
                        51,
                        52,
                        53,
                        56,
                        57,
                        58,
                        59,
                        60,
                        61,
                        62,
                        69,
                        70,
                        77,
                        80,
                        81,
                        82,
                        83,
                        86,
                        87,
                        88,
                        89,
                        90,
                        91,
                        92,
                        93,
                        95,
                        96,
                        97,
                        98,
                        99,
                        100,
                        101,
                        103,
                        105,
                        106,
                        107,
                        108,
                        115,
                        116,
                        117,
                        118,
                        121,
                        124,
                        125,
                        126,
                        127,
                        128,
                        129,
                        130,
                        131,
                        132,
                        135,
                        136,
                        137,
                        138,
                        139,
                        140,
                        141,
                        142,
                        143,
                        144,
                        145,
                        146,
                        149,
                        150,
                        151,
                        153,
                        155,
                        168,
                        170,
                        171,
                        172,
                        174,
                        175,
                        176,
                        177,
                        180,
                        181,
                        182,
                        183,
                        184,
                        189,
                        190,
                        192,
                        193,
                        194,
                        200,
                        201,
                        202,
                        203,
                        209,
                        210,
                        211,
                        212,
                        213,
                        221,
                        223
                    ],
                    "excluded_lines": [],
                    "executed_branches": [],
                    "missing_branches": [
                        [
                            81,
                            -56
                        ],
                        [
                            81,
                            82
                        ],
                        [
                            95,
                            -95
                        ],
                        [
                            95,
                            96
                        ],
                        [
                            103,
                            -86
                        ],
                        [
                            103,
                            105
                        ],
                        [
                            107,
                            -86
                        ],
                        [
                            107,
                            108
                        ],
                        [
                            116,
                            107
                        ],
                        [
                            116,
                            117
                        ],
                        [
                            142,
                            143
                        ],
                        [
                            142,
                            145
                        ],
                        [
                            170,
                            171
                        ],
                        [
                            170,
                            174
                        ],
                        [
                            193,
                            194
                        ],
                        [
                            193,
                            201
                        ],
                        [
                            209,
                            210
                        ],
                        [
                            209,
                            212
                        ]
                    ]
                }
            }
        },
        "src/pdoflow/cluster.py": {
            "executed_lines": [],
            "summary": {
                "covered_lines": 0,
                "num_statements": 226,
                "percent_covered": 0.0,
                "percent_covered_display": "0.00",
                "missing_lines": 226,
                "excluded_lines": 2,
                "num_branches": 66,
                "num_partial_branches": 0,
                "covered_branches": 0,
                "missing_branches": 66
            },
            "missing_lines": [
                6,
                7,
                8,
                9,
                10,
                11,
                12,
                13,
                14,
                15,
                16,
                18,
                19,
                20,
                21,
                23,
                24,
                25,
                26,
                27,
                30,
                31,
                34,
                55,
                56,
                57,
                59,
                62,
                110,
                117,
                119,
                120,
                121,
                122,
                123,
                131,
                132,
                133,
                135,
                138,
                139,
                142,
                143,
                144,
                146,
                147,
                152,
                153,
                155,
                158,
                206,
                210,
                211,
                212,
                213,
                214,
                215,
                217,
                219,
                220,
                223,
                285,
                289,
                290,
                291,
                292,
                293,
                294,
                296,
                298,
                299,
                302,
                348,
                349,
                350,
                351,
                352,
                355,
                356,
                359,
                439,
                440,
                441,
                443,
                444,
                445,
                446,
                449,
                450,
                453,
                456,
                457,
                458,
                460,
                461,
                462,
                463,
                464,
                465,
                467,
                468,
                471,
                488,
                496,
                497,
                498,
                499,
                500,
                501,
                502,
                503,
                508,
                509,
                511,
                512,
                513,
                514,
                516,
                517,
                519,
                520,
                521,
                522,
                523,
                524,
                525,
                527,
                528,
                529,
                530,
                531,
                532,
                533,
                534,
                536,
                543,
                544,
                545,
                547,
                549,
                553,
                554,
                555,
                556,
                557,
                558,
                561,
                562,
                563,
                564,
                565,
                567,
                569,
                570,
                574,
                575,
                576,
                577,
                578,
                582,
                583,
                585,
                586,
                590,
                592,
                594,
                596,
                597,
                599,
                600,
                601,
                602,
                603,
                604,
                605,
                609,
                614,
                615,
                616,
                617,
                618,
                619,
                623,
                624,
                626,
                628,
                629,
                630,
                632,
                633,
                634,
                636,
                637,
                639,
                641,
                642,
                644,
                645,
                646,
                649,
                656,
                668,
                669,
                670,
                671,
                672,
                673,
                675,
                676,
                677,
                685,
                686,
                688,
                689,
                690,
                692,
                698,
                699,
                700,
                701,
                702,
                704,
                705,
                706,
                708,
                738
            ],
            "excluded_lines": [
                505,
                506
            ],
            "executed_branches": [],
            "missing_branches": [
                [
                    121,
                    122
                ],
                [
                    121,
                    123
                ],
                [
                    132,
                    133
                ],
                [
                    132,
                    135
                ],
                [
                    138,
                    -62
                ],
                [
                    138,
                    139
                ],
                [
                    143,
                    144
                ],
                [
                    143,
                    146
                ],
                [
                    146,
                    147
                ],
                [
                    146,
                    155
                ],
                [
                    213,
                    214
                ],
                [
                    213,
                    215
                ],
                [
                    292,
                    293
                ],
                [
                    292,
                    294
                ],
                [
                    348,
                    349
                ],
                [
                    348,
                    351
                ],
                [
                    351,
                    352
                ],
                [
                    351,
                    355
                ],
                [
                    355,
                    -302
                ],
                [
                    355,
                    356
                ],
                [
                    359,
                    -359
                ],
                [
                    359,
                    453
                ],
                [
                    439,
                    440
                ],
                [
                    439,
                    443
                ],
                [
                    443,
                    444
                ],
                [
                    443,
                    449
                ],
                [
                    444,
                    445
                ],
                [
                    444,
                    446
                ],
                [
                    449,
                    -359
                ],
                [
                    449,
                    450
                ],
                [
                    528,
                    529
                ],
                [
                    528,
                    532
                ],
                [
                    533,
                    534
                ],
                [
                    533,
                    547
                ],
                [
                    536,
                    -536
                ],
                [
                    536,
                    543
                ],
                [
                    553,
                    554
                ],
                [
                    553,
                    557
                ],
                [
                    557,
                    558
                ],
                [
                    557,
                    563
                ],
                [
                    569,
                    570
                ],
                [
                    569,
                    577
                ],
                [
                    577,
                    578
                ],
                [
                    577,
                    585
                ],
                [
                    599,
                    600
                ],
                [
                    599,
                    628
                ],
                [
                    603,
                    -603
                ],
                [
                    603,
                    604
                ],
                [
                    618,
                    619
                ],
                [
                    618,
                    626
                ],
                [
                    628,
                    629
                ],
                [
                    628,
                    632
                ],
                [
                    636,
                    637
                ],
                [
                    636,
                    639
                ],
                [
                    645,
                    644
                ],
                [
                    645,
                    646
                ],
                [
                    676,
                    677
                ],
                [
                    676,
                    686
                ],
                [
                    689,
                    -688
                ],
                [
                    689,
                    690
                ],
                [
                    699,
                    700
                ],
                [
                    699,
                    704
                ],
                [
                    700,
                    699
                ],
                [
                    700,
                    701
                ],
                [
                    704,
                    -692
                ],
                [
                    704,
                    705
                ]
            ],
            "functions": {
                "timeout": {
                    "executed_lines": [],
                    "summary": {
                        "covered_lines": 0,
                        "num_statements": 1,
                        "percent_covered": 0.0,
                        "percent_covered_display": "0.00",
                        "missing_lines": 1,
                        "excluded_lines": 0,
                        "num_branches": 0,
                        "num_partial_branches": 0,
                        "covered_branches": 0,
                        "missing_branches": 0
                    },
                    "missing_lines": [
                        31
                    ],
                    "excluded_lines": [],
                    "executed_branches": [],
                    "missing_branches": []
                },
                "job": {
                    "executed_lines": [],
                    "summary": {
                        "covered_lines": 0,
                        "num_statements": 2,
                        "percent_covered": 0.0,
                        "percent_covered_display": "0.00",
                        "missing_lines": 2,
                        "excluded_lines": 0,
                        "num_branches": 0,
                        "num_partial_branches": 0,
                        "covered_branches": 0,
                        "missing_branches": 0
                    },
                    "missing_lines": [
                        55,
                        59
                    ],
                    "excluded_lines": [],
                    "executed_branches": [],
                    "missing_branches": []
                },
                "job.__internal": {
                    "executed_lines": [],
                    "summary": {
                        "covered_lines": 0,
                        "num_statements": 2,
                        "percent_covered": 0.0,
                        "percent_covered_display": "0.00",
                        "missing_lines": 2,
                        "excluded_lines": 0,
                        "num_branches": 0,
                        "num_partial_branches": 0,
                        "covered_branches": 0,
                        "missing_branches": 0
                    },
                    "missing_lines": [
                        56,
                        57
                    ],
                    "excluded_lines": [],
                    "executed_branches": [],
                    "missing_branches": []
                },
                "poll_posting": {
                    "executed_lines": [],
                    "summary": {
                        "covered_lines": 0,
                        "num_statements": 17,
                        "percent_covered": 0.0,
                        "percent_covered_display": "0.00",
                        "missing_lines": 17,
                        "excluded_lines": 0,
                        "num_branches": 8,
                        "num_partial_branches": 0,
                        "covered_branches": 0,
                        "missing_branches": 8
                    },
                    "missing_lines": [
                        110,
                        117,
                        119,
                        131,
                        132,
                        133,
                        135,
                        138,
                        139,
                        142,
                        143,
                        144,
                        146,
                        147,
                        152,
                        153,
                        155
                    ],
                    "excluded_lines": [],
                    "executed_branches": [],
                    "missing_branches": [
                        [
                            132,
                            133
                        ],
                        [
                            132,
                            135
                        ],
                        [
                            138,
                            -62
                        ],
                        [
                            138,
                            139
                        ],
                        [
                            143,
                            144
                        ],
                        [
                            143,
                            146
                        ],
                        [
                            146,
                            147
                        ],
                        [
                            146,
                            155
                        ]
                    ]
                },
                "poll_posting.fetch_posting_status": {
                    "executed_lines": [],
                    "summary": {
                        "covered_lines": 0,
                        "num_statements": 4,
                        "percent_covered": 0.0,
                        "percent_covered_display": "0.00",
                        "missing_lines": 4,
                        "excluded_lines": 0,
                        "num_branches": 2,
                        "num_partial_branches": 0,
                        "covered_branches": 0,
                        "missing_branches": 2
                    },
                    "missing_lines": [
                        120,
                        121,
                        122,
                        123
                    ],
                    "excluded_lines": [],
                    "executed_branches": [],
                    "missing_branches": [
                        [
                            121,
                            122
                        ],
                        [
                            121,
                            123
                        ]
                    ]
                },
                "poll_job_status_count": {
                    "executed_lines": [],
                    "summary": {
                        "covered_lines": 0,
                        "num_statements": 5,
                        "percent_covered": 0.0,
                        "percent_covered_display": "0.00",
                        "missing_lines": 5,
                        "excluded_lines": 0,
                        "num_branches": 0,
                        "num_partial_branches": 0,
                        "covered_branches": 0,
                        "missing_branches": 0
                    },
                    "missing_lines": [
                        206,
                        210,
                        217,
                        219,
                        220
                    ],
                    "excluded_lines": [],
                    "executed_branches": [],
                    "missing_branches": []
                },
                "poll_job_status_count.fetch_status": {
                    "executed_lines": [],
                    "summary": {
                        "covered_lines": 0,
                        "num_statements": 5,
                        "percent_covered": 0.0,
                        "percent_covered_display": "0.00",
                        "missing_lines": 5,
                        "excluded_lines": 0,
                        "num_branches": 2,
                        "num_partial_branches": 0,
                        "covered_branches": 0,
                        "missing_branches": 2
                    },
                    "missing_lines": [
                        211,
                        212,
                        213,
                        214,
                        215
                    ],
                    "excluded_lines": [],
                    "executed_branches": [],
                    "missing_branches": [
                        [
                            213,
                            214
                        ],
                        [
                            213,
                            215
                        ]
                    ]
                },
                "poll_posting_percent": {
                    "executed_lines": [],
                    "summary": {
                        "covered_lines": 0,
                        "num_statements": 5,
                        "percent_covered": 0.0,
                        "percent_covered_display": "0.00",
                        "missing_lines": 5,
                        "excluded_lines": 0,
                        "num_branches": 0,
                        "num_partial_branches": 0,
                        "covered_branches": 0,
                        "missing_branches": 0
                    },
                    "missing_lines": [
                        285,
                        289,
                        296,
                        298,
                        299
                    ],
                    "excluded_lines": [],
                    "executed_branches": [],
                    "missing_branches": []
                },
                "poll_posting_percent.fetch_percent": {
                    "executed_lines": [],
                    "summary": {
                        "covered_lines": 0,
                        "num_statements": 5,
                        "percent_covered": 0.0,
                        "percent_covered_display": "0.00",
                        "missing_lines": 5,
                        "excluded_lines": 0,
                        "num_branches": 2,
                        "num_partial_branches": 0,
                        "covered_branches": 0,
                        "missing_branches": 2
                    },
                    "missing_lines": [
                        290,
                        291,
                        292,
                        293,
                        294
                    ],
                    "excluded_lines": [],
                    "executed_branches": [],
                    "missing_branches": [
                        [
                            292,
                            293
                        ],
                        [
                            292,
                            294
                        ]
                    ]
                },
                "await_posting_completion": {
                    "executed_lines": [],
                    "summary": {
                        "covered_lines": 0,
                        "num_statements": 7,
                        "percent_covered": 0.0,
                        "percent_covered_display": "0.00",
                        "missing_lines": 7,
                        "excluded_lines": 0,
                        "num_branches": 6,
                        "num_partial_branches": 0,
                        "covered_branches": 0,
                        "missing_branches": 6
                    },
                    "missing_lines": [
                        348,
                        349,
                        350,
                        351,
                        352,
                        355,
                        356
                    ],
                    "excluded_lines": [],
                    "executed_branches": [],
                    "missing_branches": [
                        [
                            348,
                            349
                        ],
                        [
                            348,
                            351
                        ],
                        [
                            351,
                            352
                        ],
                        [
                            351,
                            355
                        ],
                        [
                            355,
                            -302
                        ],
                        [
                            355,
                            356
                        ]
                    ]
                },
                "await_for_status_threshold": {
                    "executed_lines": [],
                    "summary": {
                        "covered_lines": 0,
                        "num_statements": 9,
                        "percent_covered": 0.0,
                        "percent_covered_display": "0.00",
                        "missing_lines": 9,
                        "excluded_lines": 0,
                        "num_branches": 8,
                        "num_partial_branches": 0,
                        "covered_branches": 0,
                        "missing_branches": 8
                    },
                    "missing_lines": [
                        439,
                        440,
                        441,
                        443,
                        444,
                        445,
                        446,
                        449,
                        450
                    ],
                    "excluded_lines": [],
                    "executed_branches": [],
                    "missing_branches": [
                        [
                            439,
                            440
                        ],
                        [
                            439,
                            443
                        ],
                        [
                            443,
                            444
                        ],
                        [
                            443,
                            449
                        ],
                        [
                            444,
                            445
                        ],
                        [
                            444,
                            446
                        ],
                        [
                            449,
                            -359
                        ],
                        [
                            449,
                            450
                        ]
                    ]
                },
                "_FailureCache.__init__": {
                    "executed_lines": [],
                    "summary": {
                        "covered_lines": 0,
                        "num_statements": 2,
                        "percent_covered": 0.0,
                        "percent_covered_display": "0.00",
                        "missing_lines": 2,
                        "excluded_lines": 0,
                        "num_branches": 0,
                        "num_partial_branches": 0,
                        "covered_branches": 0,
                        "missing_branches": 0
                    },
                    "missing_lines": [
                        457,
                        458
                    ],
                    "excluded_lines": [],
                    "executed_branches": [],
                    "missing_branches": []
                },
                "_FailureCache.__getitem__": {
                    "executed_lines": [],
                    "summary": {
                        "covered_lines": 0,
                        "num_statements": 5,
                        "percent_covered": 0.0,
                        "percent_covered_display": "0.00",
                        "missing_lines": 5,
                        "excluded_lines": 0,
                        "num_branches": 0,
                        "num_partial_branches": 0,
                        "covered_branches": 0,
                        "missing_branches": 0
                    },
                    "missing_lines": [
                        461,
                        462,
                        463,
                        464,
                        465
                    ],
                    "excluded_lines": [],
                    "executed_branches": [],
                    "missing_branches": []
                },
                "_FailureCache.__setitem__": {
                    "executed_lines": [],
                    "summary": {
                        "covered_lines": 0,
                        "num_statements": 1,
                        "percent_covered": 0.0,
                        "percent_covered_display": "0.00",
                        "missing_lines": 1,
                        "excluded_lines": 0,
                        "num_branches": 0,
                        "num_partial_branches": 0,
                        "covered_branches": 0,
                        "missing_branches": 0
                    },
                    "missing_lines": [
                        468
                    ],
                    "excluded_lines": [],
                    "executed_branches": [],
                    "missing_branches": []
                },
                "ClusterProcess.__init__": {
                    "executed_lines": [],
                    "summary": {
                        "covered_lines": 0,
                        "num_statements": 8,
                        "percent_covered": 0.0,
                        "percent_covered_display": "0.00",
                        "missing_lines": 8,
                        "excluded_lines": 0,
                        "num_branches": 0,
                        "num_partial_branches": 0,
                        "covered_branches": 0,
                        "missing_branches": 0
                    },
                    "missing_lines": [
                        496,
                        497,
                        498,
                        499,
                        500,
                        501,
                        502,
                        503
                    ],
                    "excluded_lines": [],
                    "executed_branches": [],
                    "missing_branches": []
                },
                "ClusterProcess.__repr__": {
                    "executed_lines": [],
                    "summary": {
                        "covered_lines": 0,
                        "num_statements": 0,
                        "percent_covered": 100.0,
                        "percent_covered_display": "100.00",
                        "missing_lines": 0,
                        "excluded_lines": 1,
                        "num_branches": 0,
                        "num_partial_branches": 0,
                        "covered_branches": 0,
                        "missing_branches": 0
                    },
                    "missing_lines": [],
                    "excluded_lines": [
                        506
                    ],
                    "executed_branches": [],
                    "missing_branches": []
                },
                "ClusterProcess._pre_run_init": {
                    "executed_lines": [],
                    "summary": {
                        "covered_lines": 0,
                        "num_statements": 1,
                        "percent_covered": 0.0,
                        "percent_covered_display": "0.00",
                        "missing_lines": 1,
                        "excluded_lines": 0,
                        "num_branches": 0,
                        "num_partial_branches": 0,
                        "covered_branches": 0,
                        "missing_branches": 0
                    },
                    "missing_lines": [
                        509
                    ],
                    "excluded_lines": [],
                    "executed_branches": [],
                    "missing_branches": []
                },
                "ClusterProcess._get_records": {
                    "executed_lines": [],
                    "summary": {
                        "covered_lines": 0,
                        "num_statements": 3,
                        "percent_covered": 0.0,
                        "percent_covered_display": "0.00",
                        "missing_lines": 3,
                        "excluded_lines": 0,
                        "num_branches": 0,
                        "num_partial_branches": 0,
                        "covered_branches": 0,
                        "missing_branches": 0
                    },
                    "missing_lines": [
                        512,
                        513,
                        514
                    ],
                    "excluded_lines": [],
                    "executed_branches": [],
                    "missing_branches": []
                },
                "ClusterProcess.nominal_execution": {
                    "executed_lines": [],
                    "summary": {
                        "covered_lines": 0,
                        "num_statements": 1,
                        "percent_covered": 0.0,
                        "percent_covered_display": "0.00",
                        "missing_lines": 1,
                        "excluded_lines": 0,
                        "num_branches": 0,
                        "num_partial_branches": 0,
                        "covered_branches": 0,
                        "missing_branches": 0
                    },
                    "missing_lines": [
                        517
                    ],
                    "excluded_lines": [],
                    "executed_branches": [],
                    "missing_branches": []
                },
                "ClusterProcess.traced_execution": {
                    "executed_lines": [],
                    "summary": {
                        "covered_lines": 0,
                        "num_statements": 6,
                        "percent_covered": 0.0,
                        "percent_covered_display": "0.00",
                        "missing_lines": 6,
                        "excluded_lines": 0,
                        "num_branches": 0,
                        "num_partial_branches": 0,
                        "covered_branches": 0,
                        "missing_branches": 0
                    },
                    "missing_lines": [
                        520,
                        521,
                        522,
                        523,
                        524,
                        525
                    ],
                    "excluded_lines": [],
                    "executed_branches": [],
                    "missing_branches": []
                },
                "ClusterProcess.process_job": {
                    "executed_lines": [],
                    "summary": {
                        "covered_lines": 0,
                        "num_statements": 38,
                        "percent_covered": 0.0,
                        "percent_covered_display": "0.00",
                        "missing_lines": 38,
                        "excluded_lines": 0,
                        "num_branches": 14,
                        "num_partial_branches": 0,
                        "covered_branches": 0,
                        "missing_branches": 14
                    },
                    "missing_lines": [
                        528,
                        529,
                        530,
                        531,
                        532,
                        533,
                        534,
                        536,
                        543,
                        544,
                        545,
                        547,
                        549,
                        553,
                        554,
                        555,
                        556,
                        557,
                        558,
                        561,
                        562,
                        563,
                        564,
                        565,
                        567,
                        569,
                        570,
                        574,
                        575,
                        576,
                        577,
                        578,
                        582,
                        583,
                        585,
                        586,
                        590,
                        592
                    ],
                    "excluded_lines": [],
                    "executed_branches": [],
                    "missing_branches": [
                        [
                            528,
                            529
                        ],
                        [
                            528,
                            532
                        ],
                        [
                            533,
                            534
                        ],
                        [
                            533,
                            547
                        ],
                        [
                            536,
                            -536
                        ],
                        [
                            536,
                            543
                        ],
                        [
                            553,
                            554
                        ],
                        [
                            553,
                            557
                        ],
                        [
                            557,
                            558
                        ],
                        [
                            557,
                            563
                        ],
                        [
                            569,
                            570
                        ],
                        [
                            569,
                            577
                        ],
                        [
                            577,
                            578
                        ],
                        [
                            577,
                            585
                        ]
                    ]
                },
                "ClusterProcess.process_job_records": {
                    "executed_lines": [],
                    "summary": {
                        "covered_lines": 0,
                        "num_statements": 28,
                        "percent_covered": 0.0,
                        "percent_covered_display": "0.00",
                        "missing_lines": 28,
                        "excluded_lines": 0,
                        "num_branches": 10,
                        "num_partial_branches": 0,
                        "covered_branches": 0,
                        "missing_branches": 10
                    },
                    "missing_lines": [
                        596,
                        597,
                        599,
                        600,
                        601,
                        602,
                        603,
                        604,
                        605,
                        609,
                        614,
                        615,
                        616,
                        617,
                        618,
                        619,
                        623,
                        624,
                        626,
                        628,
                        629,
                        630,
                        632,
                        633,
                        634,
                        636,
                        637,
                        639
                    ],
                    "excluded_lines": [],
                    "executed_branches": [],
                    "missing_branches": [
                        [
                            599,
                            600
                        ],
                        [
                            599,
                            628
                        ],
                        [
                            603,
                            -603
                        ],
                        [
                            603,
                            604
                        ],
                        [
                            618,
                            619
                        ],
                        [
                            618,
                            626
                        ],
                        [
                            628,
                            629
                        ],
                        [
                            628,
                            632
                        ],
                        [
                            636,
                            637
                        ],
                        [
                            636,
                            639
                        ]
                    ]
                },
                "ClusterProcess.run": {
                    "executed_lines": [],
                    "summary": {
                        "covered_lines": 0,
                        "num_statements": 4,
                        "percent_covered": 0.0,
                        "percent_covered_display": "0.00",
                        "missing_lines": 4,
                        "excluded_lines": 0,
                        "num_branches": 2,
                        "num_partial_branches": 0,
                        "covered_branches": 0,
                        "missing_branches": 2
                    },
                    "missing_lines": [
                        642,
                        644,
                        645,
                        646
                    ],
                    "excluded_lines": [],
                    "executed_branches": [],
                    "missing_branches": [
                        [
                            645,
                            644
                        ],
                        [
                            645,
                            646
                        ]
                    ]
                },
                "ClusterPool.__init__": {
                    "executed_lines": [],
                    "summary": {
                        "covered_lines": 0,
                        "num_statements": 6,
                        "percent_covered": 0.0,
                        "percent_covered_display": "0.00",
                        "missing_lines": 6,
                        "excluded_lines": 0,
                        "num_branches": 0,
                        "num_partial_branches": 0,
                        "covered_branches": 0,
                        "missing_branches": 0
                    },
                    "missing_lines": [
                        668,
                        669,
                        670,
                        671,
                        672,
                        673
                    ],
                    "excluded_lines": [],
                    "executed_branches": [],
                    "missing_branches": []
                },
                "ClusterPool.__enter__": {
                    "executed_lines": [],
                    "summary": {
                        "covered_lines": 0,
                        "num_statements": 4,
                        "percent_covered": 0.0,
                        "percent_covered_display": "0.00",
                        "missing_lines": 4,
                        "excluded_lines": 0,
                        "num_branches": 2,
                        "num_partial_branches": 0,
                        "covered_branches": 0,
                        "missing_branches": 2
                    },
                    "missing_lines": [
                        676,
                        677,
                        685,
                        686
                    ],
                    "excluded_lines": [],
                    "executed_branches": [],
                    "missing_branches": [
                        [
                            676,
                            677
                        ],
                        [
                            676,
                            686
                        ]
                    ]
                },
                "ClusterPool.__exit__": {
                    "executed_lines": [],
                    "summary": {
                        "covered_lines": 0,
                        "num_statements": 2,
                        "percent_covered": 0.0,
                        "percent_covered_display": "0.00",
                        "missing_lines": 2,
                        "excluded_lines": 0,
                        "num_branches": 2,
                        "num_partial_branches": 0,
                        "covered_branches": 0,
                        "missing_branches": 2
                    },
                    "missing_lines": [
                        689,
                        690
                    ],
                    "excluded_lines": [],
                    "executed_branches": [],
                    "missing_branches": [
                        [
                            689,
                            -688
                        ],
                        [
                            689,
                            690
                        ]
                    ]
                },
                "ClusterPool.upkeep": {
                    "executed_lines": [],
                    "summary": {
                        "covered_lines": 0,
                        "num_statements": 8,
                        "percent_covered": 0.0,
                        "percent_covered_display": "0.00",
                        "missing_lines": 8,
                        "excluded_lines": 0,
                        "num_branches": 6,
                        "num_partial_branches": 0,
                        "covered_branches": 0,
                        "missing_branches": 6
                    },
                    "missing_lines": [
                        698,
                        699,
                        700,
                        701,
                        702,
                        704,
                        705,
                        706
                    ],
                    "excluded_lines": [],
                    "executed_branches": [],
                    "missing_branches": [
                        [
                            699,
                            700
                        ],
                        [
                            699,
                            704
                        ],
                        [
                            700,
                            699
                        ],
                        [
                            700,
                            701
                        ],
                        [
                            704,
                            -692
                        ],
                        [
                            704,
                            705
                        ]
                    ]
                },
                "ClusterPool.await_posting_completion": {
                    "executed_lines": [],
                    "summary": {
                        "covered_lines": 0,
                        "num_statements": 1,
                        "percent_covered": 0.0,
                        "percent_covered_display": "0.00",
                        "missing_lines": 1,
                        "excluded_lines": 0,
                        "num_branches": 0,
                        "num_partial_branches": 0,
                        "covered_branches": 0,
                        "missing_branches": 0
                    },
                    "missing_lines": [
                        738
                    ],
                    "excluded_lines": [],
                    "executed_branches": [],
                    "missing_branches": []
                },
                "": {
                    "executed_lines": [],
                    "summary": {
                        "covered_lines": 0,
                        "num_statements": 46,
                        "percent_covered": 0.0,
                        "percent_covered_display": "0.00",
                        "missing_lines": 46,
                        "excluded_lines": 1,
                        "num_branches": 2,
                        "num_partial_branches": 0,
                        "covered_branches": 0,
                        "missing_branches": 2
                    },
                    "missing_lines": [
                        6,
                        7,
                        8,
                        9,
                        10,
                        11,
                        12,
                        13,
                        14,
                        15,
                        16,
                        18,
                        19,
                        20,
                        21,
                        23,
                        24,
                        25,
                        26,
                        27,
                        30,
                        34,
                        62,
                        158,
                        223,
                        302,
                        359,
                        453,
                        456,
                        460,
[...]
            "executed_lines": [
                1,
                4,
                5,
                6,
                7,
                8,
                11,
                12,
                13,
                14,
                15,
                17
            ],
            "summary": {
                "covered_lines": 12,
                "num_statements": 14,
                "percent_covered": 85.71428571428571,
                "percent_covered_display": "85.71",
                "missing_lines": 2,
                "excluded_lines": 0,
                "num_branches": 0,
                "num_partial_branches": 0,
                "covered_branches": 0,
                "missing_branches": 0
            },
            "missing_lines": [
                18,
                19
            ],
            "excluded_lines": [],
            "executed_branches": [],
            "missing_branches": [],
            "functions": {
                "JobStatus.exited": {
                    "executed_lines": [],
                    "summary": {
                        "covered_lines": 0,
                        "num_statements": 2,
                        "percent_covered": 0.0,
                        "percent_covered_display": "0.00",
                        "missing_lines": 2,
                        "excluded_lines": 0,
                        "num_branches": 0,
                        "num_partial_branches": 0,
                        "covered_branches": 0,
                        "missing_branches": 0
                    },
                    "missing_lines": [
                        18,
                        19
                    ],
                    "excluded_lines": [],
                    "executed_branches": [],
                    "missing_branches": []
                },
                "": {
                    "executed_lines": [
                        1,
                        4,
                        5,
                        6,
                        7,
                        8,
                        11,
                        12,
                        13,
                        14,
                        15,
                        17
                    ],
                    "summary": {
                        "covered_lines": 12,
                        "num_statements": 12,
                        "percent_covered": 100.0,
                        "percent_covered_display": "100.00",
                        "missing_lines": 0,
                        "excluded_lines": 0,
                        "num_branches": 0,
                        "num_partial_branches": 0,
                        "covered_branches": 0,
                        "missing_branches": 0
                    },
                    "missing_lines": [],
                    "excluded_lines": [],
                    "executed_branches": [],
                    "missing_branches": []
                }
            },
            "classes": {
                "PostingStatus": {
                    "executed_lines": [],
                    "summary": {
                        "covered_lines": 0,
                        "num_statements": 0,
                        "percent_covered": 100.0,
                        "percent_covered_display": "100.00",
                        "missing_lines": 0,
                        "excluded_lines": 0,
                        "num_branches": 0,
                        "num_partial_branches": 0,
                        "covered_branches": 0,
                        "missing_branches": 0
                    },
                    "missing_lines": [],
                    "excluded_lines": [],
                    "executed_branches": [],
                    "missing_branches": []
                },
                "JobStatus": {
                    "executed_lines": [],
                    "summary": {
                        "covered_lines": 0,
                        "num_statements": 2,
                        "percent_covered": 0.0,
                        "percent_covered_display": "0.00",
                        "missing_lines": 2,
                        "excluded_lines": 0,
                        "num_branches": 0,
                        "num_partial_branches": 0,
                        "covered_branches": 0,
                        "missing_branches": 0
                    },
                    "missing_lines": [
                        18,
                        19
                    ],
                    "excluded_lines": [],
                    "executed_branches": [],
                    "missing_branches": []
                },
                "": {
                    "executed_lines": [
                        1,
                        4,
                        5,
                        6,
                        7,
                        8,
                        11,
                        12,
                        13,
                        14,
                        15,
                        17
                    ],
                    "summary": {
                        "covered_lines": 12,
                        "num_statements": 12,
                        "percent_covered": 100.0,
                        "percent_covered_display": "100.00",
                        "missing_lines": 0,
                        "excluded_lines": 0,
                        "num_branches": 0,
                        "num_partial_branches": 0,
                        "covered_branches": 0,
                        "missing_branches": 0
                    },
                    "missing_lines": [],
                    "excluded_lines": [],
                    "executed_branches": [],
                    "missing_branches": []
                }
            }
        },
        "src/pdoflow/utils.py": {
            "executed_lines": [
                1,
                8,
                9,
                10,
                11,
                13,
                14,
                15,
                18,
                35,
                39,
                53,
                56,
                57,
                59,
                62,
                66,
                67,
                74
            ],
            "summary": {
                "covered_lines": 18,
                "num_statements": 38,
                "percent_covered": 43.18181818181818,
                "percent_covered_display": "43.18",
                "missing_lines": 20,
                "excluded_lines": 0,
                "num_branches": 6,
                "num_partial_branches": 1,
                "covered_branches": 1,
                "missing_branches": 5
            },
            "missing_lines": [
                22,
                23,
                24,
                25,
                26,
                27,
                28,
                36,
                40,
                41,
                46,
                47,
                68,
                69,
                70,
                71,
                75,
                77,
                80,
                82
            ],
            "excluded_lines": [],
            "executed_branches": [
                [
                    62,
                    62
                ],
                [
                    62,
                    66
                ],
                [
                    62,
                    67
                ]
            ],
            "missing_branches": [
                [
                    24,
                    25
                ],
                [
                    24,
                    26
                ],
                [
                    41,
                    -39
                ],
                [
                    41,
                    46
                ],
                [
                    62,
                    -62
                ]
            ],
            "functions": {
                "get_module_path": {
                    "executed_lines": [],
                    "summary": {
                        "covered_lines": 0,
                        "num_statements": 7,
                        "percent_covered": 0.0,
                        "percent_covered_display": "0.00",
                        "missing_lines": 7,
                        "excluded_lines": 0,
                        "num_branches": 2,
                        "num_partial_branches": 0,
                        "covered_branches": 0,
                        "missing_branches": 2
                    },
                    "missing_lines": [
                        22,
                        23,
                        24,
                        25,
                        26,
                        27,
                        28
                    ],
                    "excluded_lines": [],
                    "executed_branches": [],
                    "missing_branches": [
                        [
                            24,
                            25
                        ],
                        [
                            24,
                            26
                        ]
                    ]
                },
                "connect": {
                    "executed_lines": [],
                    "summary": {
                        "covered_lines": 0,
                        "num_statements": 1,
                        "percent_covered": 0.0,
                        "percent_covered_display": "0.00",
                        "missing_lines": 1,
                        "excluded_lines": 0,
                        "num_branches": 0,
                        "num_partial_branches": 0,
                        "covered_branches": 0,
                        "missing_branches": 0
                    },
                    "missing_lines": [
                        36
                    ],
                    "excluded_lines": [],
                    "executed_branches": [],
                    "missing_branches": []
                },
                "checkout": {
                    "executed_lines": [],
                    "summary": {
                        "covered_lines": 0,
                        "num_statements": 4,
                        "percent_covered": 0.0,
                        "percent_covered_display": "0.00",
                        "missing_lines": 4,
                        "excluded_lines": 0,
                        "num_branches": 2,
                        "num_partial_branches": 0,
                        "covered_branches": 0,
                        "missing_branches": 2
                    },
                    "missing_lines": [
                        40,
                        41,
                        46,
                        47
                    ],
                    "excluded_lines": [],
                    "executed_branches": [],
                    "missing_branches": [
                        [
                            41,
                            -39
                        ],
                        [
                            41,
                            46
                        ]
                    ]
                },
                "register_process_guards": {
                    "executed_lines": [
                        56,
                        57,
                        59
                    ],
                    "summary": {
                        "covered_lines": 3,
                        "num_statements": 3,
                        "percent_covered": 100.0,
                        "percent_covered_display": "100.00",
                        "missing_lines": 0,
                        "excluded_lines": 0,
                        "num_branches": 0,
                        "num_partial_branches": 0,
                        "covered_branches": 0,
                        "missing_branches": 0
                    },
                    "missing_lines": [],
                    "excluded_lines": [],
                    "executed_branches": [],
                    "missing_branches": []
                },
                "load_function": {
                    "executed_lines": [],
                    "summary": {
                        "covered_lines": 0,
                        "num_statements": 4,
                        "percent_covered": 0.0,
                        "percent_covered_display": "0.00",
                        "missing_lines": 4,
                        "excluded_lines": 0,
                        "num_branches": 0,
                        "num_partial_branches": 0,
                        "covered_branches": 0,
                        "missing_branches": 0
                    },
                    "missing_lines": [
                        68,
                        69,
                        70,
                        71
                    ],
                    "excluded_lines": [],
                    "executed_branches": [],
                    "missing_branches": []
                },
                "make_warning_logger": {
                    "executed_lines": [],
                    "summary": {
                        "covered_lines": 0,
                        "num_statements": 3,
                        "percent_covered": 0.0,
                        "percent_covered_display": "0.00",
                        "missing_lines": 3,
                        "excluded_lines": 0,
                        "num_branches": 0,
                        "num_partial_branches": 0,
                        "covered_branches": 0,
                        "missing_branches": 0
                    },
                    "missing_lines": [
                        75,
                        77,
                        82
                    ],
                    "excluded_lines": [],
                    "executed_branches": [],
                    "missing_branches": []
                },
                "make_warning_logger.warning_logger": {
                    "executed_lines": [],
                    "summary": {
                        "covered_lines": 0,
                        "num_statements": 1,
                        "percent_covered": 0.0,
                        "percent_covered_display": "0.00",
                        "missing_lines": 1,
                        "excluded_lines": 0,
                        "num_branches": 0,
                        "num_partial_branches": 0,
                        "covered_branches": 0,
                        "missing_branches": 0
                    },
                    "missing_lines": [
                        80
                    ],
                    "excluded_lines": [],
                    "executed_branches": [],
                    "missing_branches": []
                },
                "": {
                    "executed_lines": [
                        1,
                        8,
                        9,
                        10,
                        11,
                        13,
                        14,
                        15,
                        18,
                        35,
                        39,
                        53,
                        62,
                        66,
                        67,
                        74
                    ],
                    "summary": {
                        "covered_lines": 15,
                        "num_statements": 15,
                        "percent_covered": 94.11764705882354,
                        "percent_covered_display": "94.12",
                        "missing_lines": 0,
                        "excluded_lines": 0,
                        "num_branches": 2,
                        "num_partial_branches": 1,
                        "covered_branches": 1,
                        "missing_branches": 1
                    },
                    "missing_lines": [],
                    "excluded_lines": [],
                    "executed_branches": [
                        [
                            62,
                            62
                        ],
                        [
                            62,
                            66
                        ],
                        [
                            62,
                            67
                        ]
                    ],
                    "missing_branches": [
                        [
                            62,
                            -62
                        ]
                    ]
                }
            },
            "classes": {
                "": {
                    "executed_lines": [
                        1,
                        8,
                        9,
                        10,
                        11,
                        13,
                        14,
                        15,
                        18,
                        35,
                        39,
                        53,
                        56,
                        57,
                        59,
                        62,
                        66,
                        67,
                        74
                    ],
                    "summary": {
                        "covered_lines": 18,
                        "num_statements": 38,
                        "percent_covered": 43.18181818181818,
                        "percent_covered_display": "43.18",
                        "missing_lines": 20,
                        "excluded_lines": 0,
                        "num_branches": 6,
                        "num_partial_branches": 1,
                        "covered_branches": 1,
                        "missing_branches": 5
                    },
                    "missing_lines": [
                        22,
                        23,
                        24,
                        25,
                        26,
                        27,
                        28,
                        36,
                        40,
                        41,
                        46,
                        47,
                        68,
                        69,
                        70,
                        71,
                        75,
                        77,
                        80,
                        82
                    ],
                    "excluded_lines": [],
                    "executed_branches": [
                        [
                            62,
                            62
                        ],
                        [
                            62,
                            66
                        ],
                        [
                            62,
                            67
                        ]
                    ],
                    "missing_branches": [
                        [
                            24,
                            25
                        ],
                        [
                            24,
                            26
                        ],
                        [
                            41,
                            -39
                        ],
                        [
                            41,
                            46
                        ],
                        [
                            62,
                            -62
                        ]
                    ]
                }
            }
        }
    },
    "totals": {
        "covered_lines": 171,
        "num_statements": 712,
        "percent_covered": 20.301624129930396,
        "percent_covered_display": "20.30",
        "missing_lines": 541,
        "excluded_lines": 11,
        "num_branches": 150,
        "num_partial_branches": 4,
        "covered_branches": 4,
        "missing_branches": 146
    }
}
